This is XeTeX, Version 3.14159265-2.6-0.999991 (TeX Live 2019) (preloaded format=xelatex 2020.3.28)  5 NOV 2020 15:01
entering extended mode
 restricted \write18 enabled.
 %&-line parsing enabled.
**intro_to_stats.tex
(./intro_to_stats.tex
LaTeX2e <2018-12-01>
(/usr/local/texlive/2019/texmf-dist/tex/latex/base/book.cls
Document Class: book 2018/09/03 v1.4i Standard LaTeX document class
(/usr/local/texlive/2019/texmf-dist/tex/latex/base/bk10.clo
File: bk10.clo 2018/09/03 v1.4i Standard LaTeX file (size option)
)
\c@part=\count80
\c@chapter=\count81
\c@section=\count82
\c@subsection=\count83
\c@subsubsection=\count84
\c@paragraph=\count85
\c@subparagraph=\count86
\c@figure=\count87
\c@table=\count88
\abovecaptionskip=\skip41
\belowcaptionskip=\skip42
\bibindent=\dimen102
) (/usr/local/texlive/2019/texmf-dist/tex/latex/lm/lmodern.sty
Package: lmodern 2009/10/30 v1.6 Latin Modern Fonts
LaTeX Font Info:    Overwriting symbol font `operators' in version `normal'
(Font)                  OT1/cmr/m/n --> OT1/lmr/m/n on input line 22.
LaTeX Font Info:    Overwriting symbol font `letters' in version `normal'
(Font)                  OML/cmm/m/it --> OML/lmm/m/it on input line 23.
LaTeX Font Info:    Overwriting symbol font `symbols' in version `normal'
(Font)                  OMS/cmsy/m/n --> OMS/lmsy/m/n on input line 24.
LaTeX Font Info:    Overwriting symbol font `largesymbols' in version `normal'
(Font)                  OMX/cmex/m/n --> OMX/lmex/m/n on input line 25.
LaTeX Font Info:    Overwriting symbol font `operators' in version `bold'
(Font)                  OT1/cmr/bx/n --> OT1/lmr/bx/n on input line 26.
LaTeX Font Info:    Overwriting symbol font `letters' in version `bold'
(Font)                  OML/cmm/b/it --> OML/lmm/b/it on input line 27.
LaTeX Font Info:    Overwriting symbol font `symbols' in version `bold'
(Font)                  OMS/cmsy/b/n --> OMS/lmsy/b/n on input line 28.
LaTeX Font Info:    Overwriting symbol font `largesymbols' in version `bold'
(Font)                  OMX/cmex/m/n --> OMX/lmex/m/n on input line 29.
LaTeX Font Info:    Overwriting math alphabet `\mathbf' in version `normal'
(Font)                  OT1/cmr/bx/n --> OT1/lmr/bx/n on input line 31.
LaTeX Font Info:    Overwriting math alphabet `\mathsf' in version `normal'
(Font)                  OT1/cmss/m/n --> OT1/lmss/m/n on input line 32.
LaTeX Font Info:    Overwriting math alphabet `\mathit' in version `normal'
(Font)                  OT1/cmr/m/it --> OT1/lmr/m/it on input line 33.
LaTeX Font Info:    Overwriting math alphabet `\mathtt' in version `normal'
(Font)                  OT1/cmtt/m/n --> OT1/lmtt/m/n on input line 34.
LaTeX Font Info:    Overwriting math alphabet `\mathbf' in version `bold'
(Font)                  OT1/cmr/bx/n --> OT1/lmr/bx/n on input line 35.
LaTeX Font Info:    Overwriting math alphabet `\mathsf' in version `bold'
(Font)                  OT1/cmss/bx/n --> OT1/lmss/bx/n on input line 36.
LaTeX Font Info:    Overwriting math alphabet `\mathit' in version `bold'
(Font)                  OT1/cmr/bx/it --> OT1/lmr/bx/it on input line 37.
LaTeX Font Info:    Overwriting math alphabet `\mathtt' in version `bold'
(Font)                  OT1/cmtt/m/n --> OT1/lmtt/m/n on input line 38.
) (/usr/local/texlive/2019/texmf-dist/tex/latex/amsfonts/amssymb.sty
Package: amssymb 2013/01/14 v3.01 AMS font symbols
(/usr/local/texlive/2019/texmf-dist/tex/latex/amsfonts/amsfonts.sty
Package: amsfonts 2013/01/14 v3.01 Basic AMSFonts support
\@emptytoks=\toks14
\symAMSa=\mathgroup4
\symAMSb=\mathgroup5
LaTeX Font Info:    Overwriting math alphabet `\mathfrak' in version `bold'
(Font)                  U/euf/m/n --> U/euf/b/n on input line 106.
)) (/usr/local/texlive/2019/texmf-dist/tex/latex/amsmath/amsmath.sty
Package: amsmath 2018/12/01 v2.17b AMS math features
\@mathmargin=\skip43
For additional information on amsmath, use the `?' option.
(/usr/local/texlive/2019/texmf-dist/tex/latex/amsmath/amstext.sty
Package: amstext 2000/06/29 v2.01 AMS text
(/usr/local/texlive/2019/texmf-dist/tex/latex/amsmath/amsgen.sty
File: amsgen.sty 1999/11/30 v2.0 generic functions
\@emptytoks=\toks15
\ex@=\dimen103
)) (/usr/local/texlive/2019/texmf-dist/tex/latex/amsmath/amsbsy.sty
Package: amsbsy 1999/11/29 v1.2d Bold Symbols
\pmbraise@=\dimen104
) (/usr/local/texlive/2019/texmf-dist/tex/latex/amsmath/amsopn.sty
Package: amsopn 2016/03/08 v2.02 operator names
)
\inf@bad=\count89
LaTeX Info: Redefining \frac on input line 223.
\uproot@=\count90
\leftroot@=\count91
LaTeX Info: Redefining \overline on input line 385.
\classnum@=\count92
\DOTSCASE@=\count93
LaTeX Info: Redefining \ldots on input line 482.
LaTeX Info: Redefining \dots on input line 485.
LaTeX Info: Redefining \cdots on input line 606.
\Mathstrutbox@=\box27
\strutbox@=\box28
\big@size=\dimen105
LaTeX Font Info:    Redeclaring font encoding OML on input line 729.
LaTeX Font Info:    Redeclaring font encoding OMS on input line 730.
\macc@depth=\count94
\c@MaxMatrixCols=\count95
\dotsspace@=\muskip10
\c@parentequation=\count96
\dspbrk@lvl=\count97
\tag@help=\toks16
\row@=\count98
\column@=\count99
\maxfields@=\count100
\andhelp@=\toks17
\eqnshift@=\dimen106
\alignsep@=\dimen107
\tagshift@=\dimen108
\tagwidth@=\dimen109
\totwidth@=\dimen110
\lineht@=\dimen111
\@envbody=\toks18
\multlinegap=\skip44
\multlinetaggap=\skip45
\mathdisplay@stack=\toks19
LaTeX Info: Redefining \[ on input line 2844.
LaTeX Info: Redefining \] on input line 2845.
) (/usr/local/texlive/2019/texmf-dist/tex/generic/ifxetex/ifxetex.sty
Package: ifxetex 2010/09/12 v0.6 Provides ifxetex conditional
) (/usr/local/texlive/2019/texmf-dist/tex/generic/oberdiek/ifluatex.sty
Package: ifluatex 2016/05/16 v1.4 Provides the ifluatex switch (HO)
Package ifluatex Info: LuaTeX not detected.
) (/usr/local/texlive/2019/texmf-dist/tex/latex/unicode-math/unicode-math.sty (
/usr/local/texlive/2019/texmf-dist/tex/latex/l3kernel/expl3.sty
Package: expl3 2019-05-07 L3 programming layer (loader) 
(/usr/local/texlive/2019/texmf-dist/tex/latex/l3kernel/expl3-code.tex
Package: expl3 2019-05-07 L3 programming layer (code)
\c_max_int=\count101
\l_tmpa_int=\count102
\l_tmpb_int=\count103
\g_tmpa_int=\count104
\g_tmpb_int=\count105
\g__kernel_prg_map_int=\count106
\c__ior_term_ior=\count107
\c_log_iow=\count108
\l_iow_line_count_int=\count109
\l__iow_line_target_int=\count110
\l__iow_one_indent_int=\count111
\l__iow_indent_int=\count112
\c_zero_dim=\dimen112
\c_max_dim=\dimen113
\l_tmpa_dim=\dimen114
\l_tmpb_dim=\dimen115
\g_tmpa_dim=\dimen116
\g_tmpb_dim=\dimen117
\c_zero_skip=\skip46
\c_max_skip=\skip47
\l_tmpa_skip=\skip48
\l_tmpb_skip=\skip49
\g_tmpa_skip=\skip50
\g_tmpb_skip=\skip51
\c_zero_muskip=\muskip11
\c_max_muskip=\muskip12
\l_tmpa_muskip=\muskip13
\l_tmpb_muskip=\muskip14
\g_tmpa_muskip=\muskip15
\g_tmpb_muskip=\muskip16
\l_keys_choice_int=\count113
\l__intarray_loop_int=\count114
\c__intarray_sp_dim=\dimen118
\g__intarray_font_int=\count115
\c__fp_leading_shift_int=\count116
\c__fp_middle_shift_int=\count117
\c__fp_trailing_shift_int=\count118
\c__fp_big_leading_shift_int=\count119
\c__fp_big_middle_shift_int=\count120
\c__fp_big_trailing_shift_int=\count121
\c__fp_Bigg_leading_shift_int=\count122
\c__fp_Bigg_middle_shift_int=\count123
\c__fp_Bigg_trailing_shift_int=\count124
\g__fp_array_int=\count125
\l__fp_array_loop_int=\count126
\l__sort_length_int=\count127
\l__sort_min_int=\count128
\l__sort_top_int=\count129
\l__sort_max_int=\count130
\l__sort_true_max_int=\count131
\l__sort_block_int=\count132
\l__sort_begin_int=\count133
\l__sort_end_int=\count134
\l__sort_A_int=\count135
\l__sort_B_int=\count136
\l__sort_C_int=\count137
\l__tl_analysis_normal_int=\count138
\l__tl_analysis_index_int=\count139
\l__tl_analysis_nesting_int=\count140
\l__tl_analysis_type_int=\count141
\l__regex_internal_a_int=\count142
\l__regex_internal_b_int=\count143
\l__regex_internal_c_int=\count144
\l__regex_balance_int=\count145
\l__regex_group_level_int=\count146
\l__regex_mode_int=\count147
\c__regex_cs_in_class_mode_int=\count148
\c__regex_cs_mode_int=\count149
\l__regex_catcodes_int=\count150
\l__regex_default_catcodes_int=\count151
\c__regex_catcode_L_int=\count152
\c__regex_catcode_O_int=\count153
\c__regex_catcode_A_int=\count154
\c__regex_all_catcodes_int=\count155
\l__regex_show_lines_int=\count156
\l__regex_min_state_int=\count157
\l__regex_max_state_int=\count158
\l__regex_left_state_int=\count159
\l__regex_right_state_int=\count160
\l__regex_capturing_group_int=\count161
\l__regex_min_pos_int=\count162
\l__regex_max_pos_int=\count163
\l__regex_curr_pos_int=\count164
\l__regex_start_pos_int=\count165
\l__regex_success_pos_int=\count166
\l__regex_curr_char_int=\count167
\l__regex_curr_catcode_int=\count168
\l__regex_last_char_int=\count169
\l__regex_case_changed_char_int=\count170
\l__regex_curr_state_int=\count171
\l__regex_step_int=\count172
\l__regex_min_active_int=\count173
\l__regex_max_active_int=\count174
\l__regex_replacement_csnames_int=\count175
\l__regex_match_count_int=\count176
\l__regex_min_submatch_int=\count177
\l__regex_submatch_int=\count178
\l__regex_zeroth_submatch_int=\count179
\g__regex_trace_regex_int=\count180
\c_empty_box=\box29
\l_tmpa_box=\box30
\l_tmpb_box=\box31
\g_tmpa_box=\box32
\g_tmpb_box=\box33
\l__box_top_dim=\dimen119
\l__box_bottom_dim=\dimen120
\l__box_left_dim=\dimen121
\l__box_right_dim=\dimen122
\l__box_top_new_dim=\dimen123
\l__box_bottom_new_dim=\dimen124
\l__box_left_new_dim=\dimen125
\l__box_right_new_dim=\dimen126
\l__box_internal_box=\box34
\l__coffin_internal_box=\box35
\l__coffin_internal_dim=\dimen127
\l__coffin_offset_x_dim=\dimen128
\l__coffin_offset_y_dim=\dimen129
\l__coffin_x_dim=\dimen130
\l__coffin_y_dim=\dimen131
\l__coffin_x_prime_dim=\dimen132
\l__coffin_y_prime_dim=\dimen133
\c_empty_coffin=\box36
\l__coffin_aligned_coffin=\box37
\l__coffin_aligned_internal_coffin=\box38
\l_tmpa_coffin=\box39
\l_tmpb_coffin=\box40
\g_tmpa_coffin=\box41
\g_tmpb_coffin=\box42
\l__coffin_bounding_shift_dim=\dimen134
\l__coffin_left_corner_dim=\dimen135
\l__coffin_right_corner_dim=\dimen136
\l__coffin_bottom_corner_dim=\dimen137
\l__coffin_top_corner_dim=\dimen138
\l__coffin_scaled_total_height_dim=\dimen139
\l__coffin_scaled_width_dim=\dimen140
\c__coffin_empty_coffin=\box43
\l__coffin_display_coffin=\box44
\l__coffin_display_coord_coffin=\box45
\l__coffin_display_pole_coffin=\box46
\l__coffin_display_offset_dim=\dimen141
\l__coffin_display_x_dim=\dimen142
\l__coffin_display_y_dim=\dimen143
\g__file_internal_ior=\read1
\l__seq_internal_a_int=\count181
\l__seq_internal_b_int=\count182
\c__deprecation_minus_one=\count183
) (/usr/local/texlive/2019/texmf-dist/tex/latex/l3kernel/l3xdvipdfmx.def
File: l3xdvipdfmx.def 2019-04-06 v L3 Experimental driver: xdvipdfmx
\g__driver_image_int=\count184
\l__driver_pdf_tmp_box=\box47
\g__driver_pdf_object_int=\count185
\g__driver_pdf_annotation_int=\count186
))
Package: unicode-math 2019/03/04 v0.8o Unicode maths in XeLaTeX and LuaLaTeX

(/usr/local/texlive/2019/texmf-dist/tex/latex/unicode-math/unicode-math-xetex.s
ty
Package: unicode-math-xetex 2019/03/04 v0.8o Unicode maths in XeLaTeX and LuaLa
TeX
(/usr/local/texlive/2019/texmf-dist/tex/latex/l3packages/xparse/xparse.sty
Package: xparse 2019-05-03 L3 Experimental document command parser
\l__xparse_current_arg_int=\count187
\g__xparse_grabber_int=\count188
\l__xparse_m_args_int=\count189
\l__xparse_v_nesting_int=\count190
) (/usr/local/texlive/2019/texmf-dist/tex/latex/l3packages/l3keys2e/l3keys2e.st
y
Package: l3keys2e 2019-05-03 LaTeX2e option processing using LaTeX3 keys
) (/usr/local/texlive/2019/texmf-dist/tex/latex/fontspec/fontspec.sty
Package: fontspec 2019/03/15 v2.7c Font selection for XeLaTeX and LuaLaTeX
(/usr/local/texlive/2019/texmf-dist/tex/latex/fontspec/fontspec-xetex.sty
Package: fontspec-xetex 2019/03/15 v2.7c Font selection for XeLaTeX and LuaLaTe
X
\l__fontspec_script_int=\count191
\l__fontspec_language_int=\count192
\l__fontspec_strnum_int=\count193
\l__fontspec_tmp_int=\count194
\l__fontspec_tmpa_int=\count195
\l__fontspec_tmpb_int=\count196
\l__fontspec_tmpc_int=\count197
\l__fontspec_em_int=\count198
\l__fontspec_emdef_int=\count199
\l__fontspec_strong_int=\count266
\l__fontspec_strongdef_int=\count267
\l__fontspec_tmpa_dim=\dimen144
\l__fontspec_tmpb_dim=\dimen145
\l__fontspec_tmpc_dim=\dimen146
(/usr/local/texlive/2019/texmf-dist/tex/latex/base/fontenc.sty
Package: fontenc 2018/08/11 v2.0j Standard LaTeX package
(/usr/local/texlive/2019/texmf-dist/tex/latex/base/tuenc.def
File: tuenc.def 2018/08/11 v2.0j Standard LaTeX file
LaTeX Font Info:    Redeclaring font encoding TU on input line 82.
)) (/usr/local/texlive/2019/texmf-dist/tex/latex/fontspec/fontspec.cfg)
LaTeX Info: Redefining \itshape on input line 4051.
LaTeX Info: Redefining \slshape on input line 4056.
LaTeX Info: Redefining \scshape on input line 4061.
LaTeX Info: Redefining \upshape on input line 4066.
LaTeX Info: Redefining \em on input line 4096.
LaTeX Info: Redefining \emph on input line 4121.
)) (/usr/local/texlive/2019/texmf-dist/tex/latex/filehook/filehook.sty
Package: filehook 2011/10/12 v0.5d Hooks for input files
) (/usr/local/texlive/2019/texmf-dist/tex/latex/base/fix-cm.sty
Package: fix-cm 2015/01/14 v1.1t fixes to LaTeX
(/usr/local/texlive/2019/texmf-dist/tex/latex/base/ts1enc.def
File: ts1enc.def 2001/06/05 v3.0e (jk/car/fm) Standard LaTeX file
))
\g__um_fam_int=\count268
\g__um_fonts_used_int=\count269
\l__um_primecount_int=\count270
\g__um_primekern_muskip=\muskip17

(/usr/local/texlive/2019/texmf-dist/tex/latex/unicode-math/unicode-math-table.t
ex)

Package unicode-math Info: I'm going to patch macro \subarray.


Package unicode-math Info: I'm going to patch macro \r@@t.

)) (/usr/local/texlive/2019/texmf-dist/tex/latex/upquote/upquote.sty
Package: upquote 2012/04/19 v1.3 upright-quote and grave-accent glyphs in verba
tim
(/usr/local/texlive/2019/texmf-dist/tex/latex/base/textcomp.sty
Package: textcomp 2018/08/11 v2.0j Standard LaTeX package
Package textcomp Info: Sub-encoding information:
(textcomp)               5 = only ISO-Adobe without \textcurrency
(textcomp)               4 = 5 + \texteuro
(textcomp)               3 = 4 + \textohm
(textcomp)               2 = 3 + \textestimated + \textcurrency
(textcomp)               1 = TS1 - \textcircled - \t
(textcomp)               0 = TS1 (full)
(textcomp)             Font families with sub-encoding setting implement
(textcomp)             only a restricted character set as indicated.
(textcomp)             Family '?' is the default used for unknown fonts.
(textcomp)             See the documentation for details.
Package textcomp Info: Setting ? sub-encoding to TS1/1 on input line 79.
(/usr/local/texlive/2019/texmf-dist/tex/latex/base/ts1enc.def
File: ts1enc.def 2001/06/05 v3.0e (jk/car/fm) Standard LaTeX file
LaTeX Font Info:    Redeclaring font encoding TS1 on input line 47.
)
LaTeX Info: Redefining \oldstylenums on input line 334.
Package textcomp Info: Setting cmr sub-encoding to TS1/0 on input line 349.
Package textcomp Info: Setting cmss sub-encoding to TS1/0 on input line 350.
Package textcomp Info: Setting cmtt sub-encoding to TS1/0 on input line 351.
Package textcomp Info: Setting cmvtt sub-encoding to TS1/0 on input line 352.
Package textcomp Info: Setting cmbr sub-encoding to TS1/0 on input line 353.
Package textcomp Info: Setting cmtl sub-encoding to TS1/0 on input line 354.
Package textcomp Info: Setting ccr sub-encoding to TS1/0 on input line 355.
Package textcomp Info: Setting ptm sub-encoding to TS1/4 on input line 356.
Package textcomp Info: Setting pcr sub-encoding to TS1/4 on input line 357.
Package textcomp Info: Setting phv sub-encoding to TS1/4 on input line 358.
Package textcomp Info: Setting ppl sub-encoding to TS1/3 on input line 359.
Package textcomp Info: Setting pag sub-encoding to TS1/4 on input line 360.
Package textcomp Info: Setting pbk sub-encoding to TS1/4 on input line 361.
Package textcomp Info: Setting pnc sub-encoding to TS1/4 on input line 362.
Package textcomp Info: Setting pzc sub-encoding to TS1/4 on input line 363.
Package textcomp Info: Setting bch sub-encoding to TS1/4 on input line 364.
Package textcomp Info: Setting put sub-encoding to TS1/5 on input line 365.
Package textcomp Info: Setting uag sub-encoding to TS1/5 on input line 366.
Package textcomp Info: Setting ugq sub-encoding to TS1/5 on input line 367.
Package textcomp Info: Setting ul8 sub-encoding to TS1/4 on input line 368.
Package textcomp Info: Setting ul9 sub-encoding to TS1/4 on input line 369.
Package textcomp Info: Setting augie sub-encoding to TS1/5 on input line 370.
Package textcomp Info: Setting dayrom sub-encoding to TS1/3 on input line 371.
Package textcomp Info: Setting dayroms sub-encoding to TS1/3 on input line 372.

Package textcomp Info: Setting pxr sub-encoding to TS1/0 on input line 373.
Package textcomp Info: Setting pxss sub-encoding to TS1/0 on input line 374.
Package textcomp Info: Setting pxtt sub-encoding to TS1/0 on input line 375.
Package textcomp Info: Setting txr sub-encoding to TS1/0 on input line 376.
Package textcomp Info: Setting txss sub-encoding to TS1/0 on input line 377.
Package textcomp Info: Setting txtt sub-encoding to TS1/0 on input line 378.
Package textcomp Info: Setting lmr sub-encoding to TS1/0 on input line 379.
Package textcomp Info: Setting lmdh sub-encoding to TS1/0 on input line 380.
Package textcomp Info: Setting lmss sub-encoding to TS1/0 on input line 381.
Package textcomp Info: Setting lmssq sub-encoding to TS1/0 on input line 382.
Package textcomp Info: Setting lmvtt sub-encoding to TS1/0 on input line 383.
Package textcomp Info: Setting lmtt sub-encoding to TS1/0 on input line 384.
Package textcomp Info: Setting qhv sub-encoding to TS1/0 on input line 385.
Package textcomp Info: Setting qag sub-encoding to TS1/0 on input line 386.
Package textcomp Info: Setting qbk sub-encoding to TS1/0 on input line 387.
Package textcomp Info: Setting qcr sub-encoding to TS1/0 on input line 388.
Package textcomp Info: Setting qcs sub-encoding to TS1/0 on input line 389.
Package textcomp Info: Setting qpl sub-encoding to TS1/0 on input line 390.
Package textcomp Info: Setting qtm sub-encoding to TS1/0 on input line 391.
Package textcomp Info: Setting qzc sub-encoding to TS1/0 on input line 392.
Package textcomp Info: Setting qhvc sub-encoding to TS1/0 on input line 393.
Package textcomp Info: Setting futs sub-encoding to TS1/4 on input line 394.
Package textcomp Info: Setting futx sub-encoding to TS1/4 on input line 395.
Package textcomp Info: Setting futj sub-encoding to TS1/4 on input line 396.
Package textcomp Info: Setting hlh sub-encoding to TS1/3 on input line 397.
Package textcomp Info: Setting hls sub-encoding to TS1/3 on input line 398.
Package textcomp Info: Setting hlst sub-encoding to TS1/3 on input line 399.
Package textcomp Info: Setting hlct sub-encoding to TS1/5 on input line 400.
Package textcomp Info: Setting hlx sub-encoding to TS1/5 on input line 401.
Package textcomp Info: Setting hlce sub-encoding to TS1/5 on input line 402.
Package textcomp Info: Setting hlcn sub-encoding to TS1/5 on input line 403.
Package textcomp Info: Setting hlcw sub-encoding to TS1/5 on input line 404.
Package textcomp Info: Setting hlcf sub-encoding to TS1/5 on input line 405.
Package textcomp Info: Setting pplx sub-encoding to TS1/3 on input line 406.
Package textcomp Info: Setting pplj sub-encoding to TS1/3 on input line 407.
Package textcomp Info: Setting ptmx sub-encoding to TS1/4 on input line 408.
Package textcomp Info: Setting ptmj sub-encoding to TS1/4 on input line 409.
)) (/usr/local/texlive/2019/texmf-dist/tex/latex/microtype/microtype.sty
Package: microtype 2019/02/28 v2.7b Micro-typographical refinements (RS)
(/usr/local/texlive/2019/texmf-dist/tex/latex/graphics/keyval.sty
Package: keyval 2014/10/28 v1.15 key=value parser (DPC)
\KV@toks@=\toks20
)
\MT@toks=\toks21
\MT@count=\count271
LaTeX Info: Redefining \textls on input line 790.
\MT@outer@kern=\dimen147
LaTeX Info: Redefining \textmicrotypecontext on input line 1336.
\MT@listname@count=\count272
(/usr/local/texlive/2019/texmf-dist/tex/latex/microtype/microtype-xetex.def
File: microtype-xetex.def 2019/02/28 v2.7b Definitions specific to xetex (RS)
LaTeX Info: Redefining \lsstyle on input line 258.
)
Package microtype Info: Loading configuration file microtype.cfg.
(/usr/local/texlive/2019/texmf-dist/tex/latex/microtype/microtype.cfg
File: microtype.cfg 2019/02/28 v2.7b microtype main configuration file (RS)
)) (/usr/local/texlive/2019/texmf-dist/tex/latex/parskip/parskip.sty
Package: parskip 2019-01-16 v2.0c non-zero parskip adjustments
(/usr/local/texlive/2019/texmf-dist/tex/latex/oberdiek/kvoptions.sty
Package: kvoptions 2016/05/16 v3.12 Key value format for package options (HO)
(/usr/local/texlive/2019/texmf-dist/tex/generic/oberdiek/ltxcmds.sty
Package: ltxcmds 2016/05/16 v1.23 LaTeX kernel commands for general use (HO)
) (/usr/local/texlive/2019/texmf-dist/tex/generic/oberdiek/kvsetkeys.sty
Package: kvsetkeys 2016/05/16 v1.17 Key value parser (HO)
(/usr/local/texlive/2019/texmf-dist/tex/generic/oberdiek/infwarerr.sty
Package: infwarerr 2016/05/16 v1.4 Providing info/warning/error messages (HO)
) (/usr/local/texlive/2019/texmf-dist/tex/generic/oberdiek/etexcmds.sty
Package: etexcmds 2016/05/16 v1.6 Avoid name clashes with e-TeX commands (HO)
))) (/usr/local/texlive/2019/texmf-dist/tex/latex/etoolbox/etoolbox.sty
Package: etoolbox 2018/08/19 v2.5f e-TeX tools for LaTeX (JAW)
\etb@tempcnta=\count273
)) (/usr/local/texlive/2019/texmf-dist/tex/latex/xcolor/xcolor.sty
Package: xcolor 2016/05/11 v2.12 LaTeX color extensions (UK)
(/usr/local/texlive/2019/texmf-dist/tex/latex/graphics-cfg/color.cfg
File: color.cfg 2016/01/02 v1.6 sample color configuration
)
Package xcolor Info: Driver file: xetex.def on input line 225.
(/usr/local/texlive/2019/texmf-dist/tex/latex/graphics-def/xetex.def
File: xetex.def 2017/06/24 v5.0h Graphics/color driver for xetex
)
Package xcolor Info: Model `cmy' substituted by `cmy0' on input line 1348.
Package xcolor Info: Model `RGB' extended on input line 1364.
Package xcolor Info: Model `HTML' substituted by `rgb' on input line 1366.
Package xcolor Info: Model `Hsb' substituted by `hsb' on input line 1367.
Package xcolor Info: Model `tHsb' substituted by `hsb' on input line 1368.
Package xcolor Info: Model `HSB' substituted by `hsb' on input line 1369.
Package xcolor Info: Model `Gray' substituted by `gray' on input line 1370.
Package xcolor Info: Model `wave' substituted by `hsb' on input line 1371.
) (/usr/local/texlive/2019/texmf-dist/tex/latex/xurl/xurl.sty
Package: xurl 2018/12/23 v 0.07 modify URL breaks
(/usr/local/texlive/2019/texmf-dist/tex/latex/url/url.sty
\Urlmuskip=\muskip18
Package: url 2013/09/16  ver 3.4  Verb mode for urls, etc.
)) (/usr/local/texlive/2019/texmf-dist/tex/latex/oberdiek/bookmark.sty
Package: bookmark 2016/05/17 v1.26 PDF bookmarks (HO)
(/usr/local/texlive/2019/texmf-dist/tex/generic/oberdiek/pdfescape.sty
Package: pdfescape 2016/05/16 v1.14 Implements pdfTeX's escape features (HO)
(/usr/local/texlive/2019/texmf-dist/tex/generic/oberdiek/pdftexcmds.sty
Package: pdftexcmds 2018/09/10 v0.29 Utility functions of pdfTeX for LuaTeX (HO
)
(/usr/local/texlive/2019/texmf-dist/tex/generic/oberdiek/ifpdf.sty
Package: ifpdf 2018/09/07 v3.3 Provides the ifpdf switch
)
Package pdftexcmds Info: LuaTeX not detected.
Package pdftexcmds Info: pdfTeX >= 1.30 not detected.
Package pdftexcmds Info: \pdf@primitive is available.
Package pdftexcmds Info: \pdf@ifprimitive is available.
Package pdftexcmds Info: \pdfdraftmode not found.
)) (/usr/local/texlive/2019/texmf-dist/tex/generic/oberdiek/ifvtex.sty
Package: ifvtex 2016/05/16 v1.6 Detect VTeX and its facilities (HO)
Package ifvtex Info: VTeX not detected.
) (/usr/local/texlive/2019/texmf-dist/tex/latex/hyperref/hyperref.sty
Package: hyperref 2018/11/30 v6.88e Hypertext links for LaTeX
(/usr/local/texlive/2019/texmf-dist/tex/generic/oberdiek/hobsub-hyperref.sty
Package: hobsub-hyperref 2016/05/16 v1.14 Bundle oberdiek, subset hyperref (HO)

(/usr/local/texlive/2019/texmf-dist/tex/generic/oberdiek/hobsub-generic.sty
Package: hobsub-generic 2016/05/16 v1.14 Bundle oberdiek, subset generic (HO)
Package: hobsub 2016/05/16 v1.14 Construct package bundles (HO)
Package hobsub Info: Skipping package `infwarerr' (already loaded).
Package hobsub Info: Skipping package `ltxcmds' (already loaded).
Package hobsub Info: Skipping package `ifluatex' (already loaded).
Package hobsub Info: Skipping package `ifvtex' (already loaded).
Package: intcalc 2016/05/16 v1.2 Expandable calculations with integers (HO)
Package hobsub Info: Skipping package `ifpdf' (already loaded).
Package hobsub Info: Skipping package `etexcmds' (already loaded).
Package hobsub Info: Skipping package `kvsetkeys' (already loaded).
Package: kvdefinekeys 2016/05/16 v1.4 Define keys (HO)
Package hobsub Info: Skipping package `pdftexcmds' (already loaded).
Package hobsub Info: Skipping package `pdfescape' (already loaded).
Package: bigintcalc 2016/05/16 v1.4 Expandable calculations on big integers (HO
)
Package: bitset 2016/05/16 v1.2 Handle bit-vector datatype (HO)
Package: uniquecounter 2016/05/16 v1.3 Provide unlimited unique counter (HO)
)
Package hobsub Info: Skipping package `hobsub' (already loaded).
Package: letltxmacro 2016/05/16 v1.5 Let assignment for LaTeX macros (HO)
Package: hopatch 2016/05/16 v1.3 Wrapper for package hooks (HO)
Package: xcolor-patch 2016/05/16 xcolor patch
Package: atveryend 2016/05/16 v1.9 Hooks at the very end of document (HO)
Package: atbegshi 2016/06/09 v1.18 At begin shipout hook (HO)
Package: refcount 2016/05/16 v3.5 Data extraction from label references (HO)
Package: hycolor 2016/05/16 v1.8 Color options for hyperref/bookmark (HO)
) (/usr/local/texlive/2019/texmf-dist/tex/latex/oberdiek/auxhook.sty
Package: auxhook 2016/05/16 v1.4 Hooks for auxiliary files (HO)
)
\@linkdim=\dimen148
\Hy@linkcounter=\count274
\Hy@pagecounter=\count275
(/usr/local/texlive/2019/texmf-dist/tex/latex/hyperref/pd1enc.def
File: pd1enc.def 2018/11/30 v6.88e Hyperref: PDFDocEncoding definition (HO)
)
\Hy@SavedSpaceFactor=\count276
(/usr/local/texlive/2019/texmf-dist/tex/latex/latexconfig/hyperref.cfg
File: hyperref.cfg 2002/06/06 v1.2 hyperref configuration of TeXLive
)
Package hyperref Info: Option `unicode' set `true' on input line 4393.
(/usr/local/texlive/2019/texmf-dist/tex/latex/hyperref/puenc.def
File: puenc.def 2018/11/30 v6.88e Hyperref: PDF Unicode definition (HO)
)
Package hyperref Info: Hyper figures OFF on input line 4519.
Package hyperref Info: Link nesting OFF on input line 4524.
Package hyperref Info: Hyper index ON on input line 4527.
Package hyperref Info: Plain pages OFF on input line 4534.
Package hyperref Info: Backreferencing OFF on input line 4539.
Package hyperref Info: Implicit mode ON; LaTeX internals redefined.
Package hyperref Info: Bookmarks ON on input line 4772.
\c@Hy@tempcnt=\count277
LaTeX Info: Redefining \url on input line 5125.
\XeTeXLinkMargin=\dimen149
\Fld@menulength=\count278
\Field@Width=\dimen150
\Fld@charsize=\dimen151
Package hyperref Info: Hyper figures OFF on input line 6380.
Package hyperref Info: Link nesting OFF on input line 6385.
Package hyperref Info: Hyper index ON on input line 6388.
Package hyperref Info: backreferencing OFF on input line 6395.
Package hyperref Info: Link coloring OFF on input line 6400.
Package hyperref Info: Link coloring with OCG OFF on input line 6405.
Package hyperref Info: PDF/A mode OFF on input line 6410.
LaTeX Info: Redefining \ref on input line 6450.
LaTeX Info: Redefining \pageref on input line 6454.
\Hy@abspage=\count279
\c@Item=\count280
\c@Hfootnote=\count281
)
Package hyperref Info: Driver (autodetected): hxetex.
(/usr/local/texlive/2019/texmf-dist/tex/latex/hyperref/hxetex.def
File: hxetex.def 2018/11/30 v6.88e Hyperref driver for XeTeX
(/usr/local/texlive/2019/texmf-dist/tex/generic/oberdiek/stringenc.sty
Package: stringenc 2016/05/16 v1.11 Convert strings between diff. encodings (HO
)
)
\pdfm@box=\box48
\c@Hy@AnnotLevel=\count282
\HyField@AnnotCount=\count283
\Fld@listcount=\count284
\c@bookmark@seq@number=\count285
(/usr/local/texlive/2019/texmf-dist/tex/latex/oberdiek/rerunfilecheck.sty
Package: rerunfilecheck 2016/05/16 v1.8 Rerun checks for auxiliary files (HO)
Package uniquecounter Info: New unique counter `rerunfilecheck' on input line 2
82.
)
\Hy@SectionHShift=\skip52
) (/usr/local/texlive/2019/texmf-dist/tex/latex/oberdiek/bkm-dvipdfm.def
File: bkm-dvipdfm.def 2016/05/17 v1.26 bookmark driver for dvipdfm (HO)
\BKM@id=\count286
)) (/usr/local/texlive/2019/texmf-dist/tex/latex/fancyvrb/fancyvrb.sty
Package: fancyvrb 2019/01/15
Style option: `fancyvrb' v3.2a <2019/01/15> (tvz)
\FV@CodeLineNo=\count287
\FV@InFile=\read2
\FV@TabBox=\box49
\c@FancyVerbLine=\count288
\FV@StepNumber=\count289
\FV@OutFile=\write3
) (/usr/local/texlive/2019/texmf-dist/tex/latex/framed/framed.sty
Package: framed 2011/10/22 v 0.96: framed or shaded text with page breaks
\OuterFrameSep=\skip53
\fb@frw=\dimen152
\fb@frh=\dimen153
\FrameRule=\dimen154
\FrameSep=\dimen155
) (/usr/local/texlive/2019/texmf-dist/tex/latex/tools/longtable.sty
Package: longtable 2014/10/28 v4.11 Multi-page Table package (DPC)+ FMi change
\LTleft=\skip54
\LTright=\skip55
\LTpre=\skip56
\LTpost=\skip57
\LTchunksize=\count290
\LTcapwidth=\dimen156
\LT@head=\box50
\LT@firsthead=\box51
\LT@foot=\box52
\LT@lastfoot=\box53
\LT@cols=\count291
\LT@rows=\count292
\c@LT@tables=\count293
\c@LT@chunks=\count294
\LT@p@ftn=\toks22
) (/usr/local/texlive/2019/texmf-dist/tex/latex/booktabs/booktabs.sty
Package: booktabs 2016/04/27 v1.618033 publication quality tables
\heavyrulewidth=\dimen157
\lightrulewidth=\dimen158
\cmidrulewidth=\dimen159
\belowrulesep=\dimen160
\belowbottomsep=\dimen161
\aboverulesep=\dimen162
\abovetopsep=\dimen163
\cmidrulesep=\dimen164
\cmidrulekern=\dimen165
\defaultaddspace=\dimen166
\@cmidla=\count295
\@cmidlb=\count296
\@aboverulesep=\dimen167
\@belowrulesep=\dimen168
\@thisruleclass=\count297
\@lastruleclass=\count298
\@thisrulewidth=\dimen169
) (/usr/local/texlive/2019/texmf-dist/tex/latex/footnotehyper/footnotehyper.sty
Package: footnotehyper 2018/01/23 v1.1 hyperref aware footnote.sty (JFB)
\FNH@notes=\box54
\FNH@width=\dimen170
) (/usr/local/texlive/2019/texmf-dist/tex/latex/graphics/graphicx.sty
Package: graphicx 2017/06/01 v1.1a Enhanced LaTeX Graphics (DPC,SPQR)
(/usr/local/texlive/2019/texmf-dist/tex/latex/graphics/graphics.sty
Package: graphics 2017/06/25 v1.2c Standard LaTeX Graphics (DPC,SPQR)
(/usr/local/texlive/2019/texmf-dist/tex/latex/graphics/trig.sty
Package: trig 2016/01/03 v1.10 sin cos tan (DPC)
) (/usr/local/texlive/2019/texmf-dist/tex/latex/graphics-cfg/graphics.cfg
File: graphics.cfg 2016/06/04 v1.11 sample graphics configuration
)
Package graphics Info: Driver file: xetex.def on input line 99.
)
\Gin@req@height=\dimen171
\Gin@req@width=\dimen172
) (/usr/local/texlive/2019/texmf-dist/tex/latex/oberdiek/grffile.sty
Package: grffile 2017/06/30 v1.18 Extended file name support for graphics (HO)
Package grffile Info: Option `multidot' is set to `true'.
Package grffile Info: Option `extendedchars' is set to `false'.
Package grffile Info: Option `space' is set to `true'.
Package grffile Info: \Gin@ii of package `graphicx' fixed on input line 494.
) (/usr/local/texlive/2019/texmf-dist/tex/generic/ulem/ulem.sty
\UL@box=\box55
\UL@hyphenbox=\box56
\UL@skip=\skip58
\UL@hook=\toks23
\UL@height=\dimen173
\UL@pe=\count299
\UL@pixel=\dimen174
\ULC@box=\box57
Package: ulem 2012/05/18
\ULdepth=\dimen175
) (/usr/local/texlive/2019/texmf-dist/tex/latex/tcolorbox/tcolorbox.sty
Package: tcolorbox 2019/03/02 version 4.20 text color boxes
(/usr/local/texlive/2019/texmf-dist/tex/latex/pgf/basiclayer/pgf.sty (/usr/loca
l/texlive/2019/texmf-dist/tex/latex/pgf/utilities/pgfrcs.sty
(/usr/local/texlive/2019/texmf-dist/tex/generic/pgf/utilities/pgfutil-common.te
x
\pgfutil@everybye=\toks24
\pgfutil@tempdima=\dimen176
\pgfutil@tempdimb=\dimen177

(/usr/local/texlive/2019/texmf-dist/tex/generic/pgf/utilities/pgfutil-common-li
sts.tex))
(/usr/local/texlive/2019/texmf-dist/tex/generic/pgf/utilities/pgfutil-latex.def
\pgfutil@abb=\box58
(/usr/local/texlive/2019/texmf-dist/tex/latex/ms/everyshi.sty
Package: everyshi 2001/05/15 v3.00 EveryShipout Package (MS)
)) (/usr/local/texlive/2019/texmf-dist/tex/generic/pgf/utilities/pgfrcs.code.te
x (/usr/local/texlive/2019/texmf-dist/tex/generic/pgf/pgf.revision.tex)
Package: pgfrcs 2019/04/04 v3.1.2 (3.1.2)
))
Package: pgf 2019/04/04 v3.1.2 (3.1.2)
(/usr/local/texlive/2019/texmf-dist/tex/latex/pgf/basiclayer/pgfcore.sty (/usr/
local/texlive/2019/texmf-dist/tex/latex/pgf/systemlayer/pgfsys.sty
(/usr/local/texlive/2019/texmf-dist/tex/generic/pgf/systemlayer/pgfsys.code.tex
Package: pgfsys 2019/04/04 v3.1.2 (3.1.2)
(/usr/local/texlive/2019/texmf-dist/tex/generic/pgf/utilities/pgfkeys.code.tex
\pgfkeys@pathtoks=\toks25
\pgfkeys@temptoks=\toks26

(/usr/local/texlive/2019/texmf-dist/tex/generic/pgf/utilities/pgfkeysfiltered.c
ode.tex
\pgfkeys@tmptoks=\toks27
))
\pgf@x=\dimen178
\pgf@y=\dimen179
\pgf@xa=\dimen180
\pgf@ya=\dimen181
\pgf@xb=\dimen182
\pgf@yb=\dimen183
\pgf@xc=\dimen184
\pgf@yc=\dimen185
\w@pgf@writea=\write4
\r@pgf@reada=\read3
\c@pgf@counta=\count300
\c@pgf@countb=\count301
\c@pgf@countc=\count302
\c@pgf@countd=\count303
\t@pgf@toka=\toks28
\t@pgf@tokb=\toks29
\t@pgf@tokc=\toks30
\pgf@sys@id@count=\count304
(/usr/local/texlive/2019/texmf-dist/tex/generic/pgf/systemlayer/pgf.cfg
File: pgf.cfg 2019/04/04 v3.1.2 (3.1.2)
)
Driver file for pgf: pgfsys-xetex.def

(/usr/local/texlive/2019/texmf-dist/tex/generic/pgf/systemlayer/pgfsys-xetex.de
f
File: pgfsys-xetex.def 2019/04/04 v3.1.2 (3.1.2)

(/usr/local/texlive/2019/texmf-dist/tex/generic/pgf/systemlayer/pgfsys-dvipdfmx
.def
File: pgfsys-dvipdfmx.def 2019/04/04 v3.1.2 (3.1.2)

(/usr/local/texlive/2019/texmf-dist/tex/generic/pgf/systemlayer/pgfsys-common-p
df.def
File: pgfsys-common-pdf.def 2019/04/04 v3.1.2 (3.1.2)
)
\pgfsys@objnum=\count305
)))
(/usr/local/texlive/2019/texmf-dist/tex/generic/pgf/systemlayer/pgfsyssoftpath.
code.tex
File: pgfsyssoftpath.code.tex 2019/04/04 v3.1.2 (3.1.2)
\pgfsyssoftpath@smallbuffer@items=\count306
\pgfsyssoftpath@bigbuffer@items=\count307
)
(/usr/local/texlive/2019/texmf-dist/tex/generic/pgf/systemlayer/pgfsysprotocol.
code.tex
File: pgfsysprotocol.code.tex 2019/04/04 v3.1.2 (3.1.2)
))
(/usr/local/texlive/2019/texmf-dist/tex/generic/pgf/basiclayer/pgfcore.code.tex
Package: pgfcore 2019/04/04 v3.1.2 (3.1.2)
(/usr/local/texlive/2019/texmf-dist/tex/generic/pgf/math/pgfmath.code.tex (/usr
/local/texlive/2019/texmf-dist/tex/generic/pgf/math/pgfmathcalc.code.tex (/usr/
local/texlive/2019/texmf-dist/tex/generic/pgf/math/pgfmathutil.code.tex)
(/usr/local/texlive/2019/texmf-dist/tex/generic/pgf/math/pgfmathparser.code.tex
\pgfmath@dimen=\dimen186
\pgfmath@count=\count308
\pgfmath@box=\box59
\pgfmath@toks=\toks31
\pgfmath@stack@operand=\toks32
\pgfmath@stack@operation=\toks33
)
(/usr/local/texlive/2019/texmf-dist/tex/generic/pgf/math/pgfmathfunctions.code.
tex
(/usr/local/texlive/2019/texmf-dist/tex/generic/pgf/math/pgfmathfunctions.basic
.code.tex)
(/usr/local/texlive/2019/texmf-dist/tex/generic/pgf/math/pgfmathfunctions.trigo
nometric.code.tex)
(/usr/local/texlive/2019/texmf-dist/tex/generic/pgf/math/pgfmathfunctions.rando
m.code.tex)
(/usr/local/texlive/2019/texmf-dist/tex/generic/pgf/math/pgfmathfunctions.compa
rison.code.tex)
(/usr/local/texlive/2019/texmf-dist/tex/generic/pgf/math/pgfmathfunctions.base.
code.tex)
(/usr/local/texlive/2019/texmf-dist/tex/generic/pgf/math/pgfmathfunctions.round
.code.tex)
(/usr/local/texlive/2019/texmf-dist/tex/generic/pgf/math/pgfmathfunctions.misc.
code.tex)
(/usr/local/texlive/2019/texmf-dist/tex/generic/pgf/math/pgfmathfunctions.integ
erarithmetics.code.tex))) (/usr/local/texlive/2019/texmf-dist/tex/generic/pgf/m
ath/pgfmathfloat.code.tex
\c@pgfmathroundto@lastzeros=\count309
))
(/usr/local/texlive/2019/texmf-dist/tex/generic/pgf/basiclayer/pgfcorepoints.co
de.tex
File: pgfcorepoints.code.tex 2019/04/04 v3.1.2 (3.1.2)
\pgf@picminx=\dimen187
\pgf@picmaxx=\dimen188
\pgf@picminy=\dimen189
\pgf@picmaxy=\dimen190
\pgf@pathminx=\dimen191
\pgf@pathmaxx=\dimen192
\pgf@pathminy=\dimen193
\pgf@pathmaxy=\dimen194
\pgf@xx=\dimen195
\pgf@xy=\dimen196
\pgf@yx=\dimen197
\pgf@yy=\dimen198
\pgf@zx=\dimen199
\pgf@zy=\dimen256
)
(/usr/local/texlive/2019/texmf-dist/tex/generic/pgf/basiclayer/pgfcorepathconst
ruct.code.tex
File: pgfcorepathconstruct.code.tex 2019/04/04 v3.1.2 (3.1.2)
\pgf@path@lastx=\dimen257
\pgf@path@lasty=\dimen258
)
(/usr/local/texlive/2019/texmf-dist/tex/generic/pgf/basiclayer/pgfcorepathusage
.code.tex
File: pgfcorepathusage.code.tex 2019/04/04 v3.1.2 (3.1.2)
\pgf@shorten@end@additional=\dimen259
\pgf@shorten@start@additional=\dimen260
)
(/usr/local/texlive/2019/texmf-dist/tex/generic/pgf/basiclayer/pgfcorescopes.co
de.tex
File: pgfcorescopes.code.tex 2019/04/04 v3.1.2 (3.1.2)
\pgfpic=\box60
\pgf@hbox=\box61
\pgf@layerbox@main=\box62
\pgf@picture@serial@count=\count310
)
(/usr/local/texlive/2019/texmf-dist/tex/generic/pgf/basiclayer/pgfcoregraphicst
ate.code.tex
File: pgfcoregraphicstate.code.tex 2019/04/04 v3.1.2 (3.1.2)
\pgflinewidth=\dimen261
)
(/usr/local/texlive/2019/texmf-dist/tex/generic/pgf/basiclayer/pgfcoretransform
ations.code.tex
File: pgfcoretransformations.code.tex 2019/04/04 v3.1.2 (3.1.2)
\pgf@pt@x=\dimen262
\pgf@pt@y=\dimen263
\pgf@pt@temp=\dimen264
)
(/usr/local/texlive/2019/texmf-dist/tex/generic/pgf/basiclayer/pgfcorequick.cod
e.tex
File: pgfcorequick.code.tex 2019/04/04 v3.1.2 (3.1.2)
)
(/usr/local/texlive/2019/texmf-dist/tex/generic/pgf/basiclayer/pgfcoreobjects.c
ode.tex
File: pgfcoreobjects.code.tex 2019/04/04 v3.1.2 (3.1.2)
)
(/usr/local/texlive/2019/texmf-dist/tex/generic/pgf/basiclayer/pgfcorepathproce
ssing.code.tex
File: pgfcorepathprocessing.code.tex 2019/04/04 v3.1.2 (3.1.2)
)
(/usr/local/texlive/2019/texmf-dist/tex/generic/pgf/basiclayer/pgfcorearrows.co
de.tex
File: pgfcorearrows.code.tex 2019/04/04 v3.1.2 (3.1.2)
\pgfarrowsep=\dimen265
)
(/usr/local/texlive/2019/texmf-dist/tex/generic/pgf/basiclayer/pgfcoreshade.cod
e.tex
File: pgfcoreshade.code.tex 2019/04/04 v3.1.2 (3.1.2)
\pgf@max=\dimen266
\pgf@sys@shading@range@num=\count311
\pgf@shadingcount=\count312
)
(/usr/local/texlive/2019/texmf-dist/tex/generic/pgf/basiclayer/pgfcoreimage.cod
e.tex
File: pgfcoreimage.code.tex 2019/04/04 v3.1.2 (3.1.2)

(/usr/local/texlive/2019/texmf-dist/tex/generic/pgf/basiclayer/pgfcoreexternal.
code.tex
File: pgfcoreexternal.code.tex 2019/04/04 v3.1.2 (3.1.2)
\pgfexternal@startupbox=\box63
))
(/usr/local/texlive/2019/texmf-dist/tex/generic/pgf/basiclayer/pgfcorelayers.co
de.tex
File: pgfcorelayers.code.tex 2019/04/04 v3.1.2 (3.1.2)
)
(/usr/local/texlive/2019/texmf-dist/tex/generic/pgf/basiclayer/pgfcoretranspare
ncy.code.tex
File: pgfcoretransparency.code.tex 2019/04/04 v3.1.2 (3.1.2)
)
(/usr/local/texlive/2019/texmf-dist/tex/generic/pgf/basiclayer/pgfcorepatterns.
code.tex
File: pgfcorepatterns.code.tex 2019/04/04 v3.1.2 (3.1.2)
)
(/usr/local/texlive/2019/texmf-dist/tex/generic/pgf/basiclayer/pgfcorerdf.code.
tex
File: pgfcorerdf.code.tex 2019/04/04 v3.1.2 (3.1.2)
)))
(/usr/local/texlive/2019/texmf-dist/tex/generic/pgf/modules/pgfmoduleshapes.cod
e.tex
File: pgfmoduleshapes.code.tex 2019/04/04 v3.1.2 (3.1.2)
\pgfnodeparttextbox=\box64
)
(/usr/local/texlive/2019/texmf-dist/tex/generic/pgf/modules/pgfmoduleplot.code.
tex
File: pgfmoduleplot.code.tex 2019/04/04 v3.1.2 (3.1.2)
)
(/usr/local/texlive/2019/texmf-dist/tex/latex/pgf/compatibility/pgfcomp-version
-0-65.sty
Package: pgfcomp-version-0-65 2019/04/04 v3.1.2 (3.1.2)
\pgf@nodesepstart=\dimen267
\pgf@nodesepend=\dimen268
)
(/usr/local/texlive/2019/texmf-dist/tex/latex/pgf/compatibility/pgfcomp-version
-1-18.sty
Package: pgfcomp-version-1-18 2019/04/04 v3.1.2 (3.1.2)
)) (/usr/local/texlive/2019/texmf-dist/tex/latex/tools/verbatim.sty
Package: verbatim 2014/10/28 v1.5q LaTeX2e package for verbatim enhancements
\every@verbatim=\toks34
\verbatim@line=\toks35
\verbatim@in@stream=\read4
) (/usr/local/texlive/2019/texmf-dist/tex/latex/environ/environ.sty
Package: environ 2014/05/04 v0.3 A new way to define environments
(/usr/local/texlive/2019/texmf-dist/tex/latex/trimspaces/trimspaces.sty
Package: trimspaces 2009/09/17 v1.1 Trim spaces around a token list
))
\tcb@titlebox=\box65
\tcb@upperbox=\box66
\tcb@lowerbox=\box67
\tcb@phantombox=\box68
\c@tcbbreakpart=\count313
\c@tcblayer=\count314
\tcolorbox@number=\count315
\tcb@temp=\box69
\tcb@temp=\box70
\tcb@temp=\box71
\tcb@temp=\box72
\tcb@out=\write5
\tcb@record@out=\write6
) (/usr/local/texlive/2019/texmf-dist/tex/latex/quotchap/quotchap.sty
Package: quotchap 2012/10/20 v1.1 Decorative Chapter Headings with Quotes
\@quotebox=\box73
) (/usr/local/texlive/2019/texmf-dist/tex/latex/base/fontenc.sty
Package: fontenc 2018/08/11 v2.0j Standard LaTeX package
(/usr/local/texlive/2019/texmf-dist/tex/latex/base/t1enc.def
File: t1enc.def 2018/08/11 v2.0j Standard LaTeX file
LaTeX Font Info:    Redeclaring font encoding T1 on input line 48.
)
LaTeX Font Info:    Try loading font information for T1+lmr on input line 105.
(/usr/local/texlive/2019/texmf-dist/tex/latex/lm/t1lmr.fd
File: t1lmr.fd 2009/10/30 v1.6 Font defs for Latin Modern
)) (/usr/local/texlive/2019/texmf-dist/tex/latex/amscls/amsthm.sty
Package: amsthm 2017/10/31 v2.20.4
\thm@style=\toks36
\thm@bodyfont=\toks37
\thm@headfont=\toks38
\thm@notefont=\toks39
\thm@headpunct=\toks40
\thm@preskip=\skip59
\thm@postskip=\skip60
\thm@headsep=\skip61
\dth@everypar=\toks41
)

Package fontspec Info: Alegreya scale = 0.9561155613385922.


Package fontspec Info: Alegreya scale = 0.9561155613385922.


Package fontspec Info: AlegreyaSC-Regular scale = 2.171686074702338.


Package fontspec Info: Alegreya/B scale = 0.9354207760778398.


Package fontspec Info: Alegreya/I scale = 0.9561155613385922.


Package fontspec Info: Alegreya/BI scale = 0.9354207760778398.


Package fontspec Info: Font family 'Alegreya(0)' created for font 'Alegreya'
(fontspec)             with options
(fontspec)             [Scale=MatchLowercase,Ligatures=TeX,Scale=1,UprightFeatu
res={SmallCapsFont=AlegreyaSC-Regular}].
(fontspec)              
(fontspec)              This font family consists of the following NFSS
(fontspec)             series/shapes:
(fontspec)              
(fontspec)             - 'normal' (m/n) with NFSS spec.:
(fontspec)             <->s*[1]"Alegreya/AAT:mapping=tex-text;"
(fontspec)             - 'small caps'  (m/sc) with NFSS spec.:
(fontspec)             <->s*[1]"AlegreyaSC-Regular/AAT:mapping=tex-text;"
(fontspec)             - 'bold' (bx/n) with NFSS spec.:
(fontspec)             <->s*[1]"Alegreya/B/AAT:mapping=tex-text;"
(fontspec)             - 'bold small caps'  (bx/sc) with NFSS spec.: 
(fontspec)             - 'italic' (m/it) with NFSS spec.:
(fontspec)             <->s*[1]"Alegreya/I/AAT:mapping=tex-text;"
(fontspec)             - 'italic small caps'  (m/itsc) with NFSS spec.: 
(fontspec)             - 'bold italic' (bx/it) with NFSS spec.:
(fontspec)             <->s*[1]"Alegreya/BI/AAT:mapping=tex-text;"
(fontspec)             - 'bold italic small caps'  (bx/itsc) with NFSS spec.: 

LaTeX Info: Redefining \rmfamily on input line 126.
LaTeX Font Info:    Font shape `TU/Alegreya(0)/m/n' will be
(Font)              scaled to size 10.0pt on input line 126.

Package fontspec Info: Alegreya scale = 1.


Package fontspec Info: Alegreya scale = 1.


Package fontspec Info: AlegreyaSC-Regular scale = 2.271363590884253.


Package fontspec Info: Alegreya/B scale = 0.9783553514893336.


Package fontspec Info: Alegreya/I scale = 1.


Package fontspec Info: Alegreya/BI scale = 0.9783553514893336.


Package fontspec Info: Font family 'Alegreya(1)' created for font 'Alegreya'
(fontspec)             with options
(fontspec)             [Scale=MatchLowercase,UprightFeatures={SmallCapsFont=Ale
greyaSC-Regular}].
(fontspec)              
(fontspec)              This font family consists of the following NFSS
(fontspec)             series/shapes:
(fontspec)              
(fontspec)             - 'normal' (m/n) with NFSS spec.:
(fontspec)             <->s*[1]"Alegreya/AAT"
(fontspec)             - 'small caps'  (m/sc) with NFSS spec.:
(fontspec)             <->s*[2.271363590884253]"AlegreyaSC-Regular/AAT"
(fontspec)             - 'bold' (bx/n) with NFSS spec.:
(fontspec)             <->s*[0.9783553514893336]"Alegreya/B/AAT"
(fontspec)             - 'bold small caps'  (bx/sc) with NFSS spec.: 
(fontspec)             - 'italic' (m/it) with NFSS spec.:
(fontspec)             <->s*[1]"Alegreya/I/AAT"
(fontspec)             - 'italic small caps'  (m/itsc) with NFSS spec.: 
(fontspec)             - 'bold italic' (bx/it) with NFSS spec.:
(fontspec)             <->s*[0.9783553514893336]"Alegreya/BI/AAT"
(fontspec)             - 'bold italic small caps'  (bx/itsc) with NFSS spec.: 

LaTeX Font Info:    Overwriting math alphabet `\mathrm' in version `normal'
(Font)                  OT1/lmr/m/n --> TU/Alegreya(1)/m/n on input line 126.
LaTeX Font Info:    Overwriting math alphabet `\mathit' in version `normal'
(Font)                  OT1/lmr/m/it --> TU/Alegreya(1)/m/it on input line 126.

LaTeX Font Info:    Overwriting math alphabet `\mathbf' in version `normal'
(Font)                  OT1/lmr/bx/n --> TU/Alegreya(1)/bx/n on input line 126.

(/usr/local/texlive/2019/texmf-dist/tex/latex/natbib/natbib.sty
Package: natbib 2010/09/13 8.31b (PWD, AO)
\bibhang=\skip62
\bibsep=\skip63
LaTeX Info: Redefining \cite on input line 694.
\c@NAT@ctr=\count316
) (./intro_to_stats.aux

LaTeX Warning: Label `summary' multiply defined.


LaTeX Warning: Label `summary' multiply defined.

)
\openout1 = `intro_to_stats.aux'.

LaTeX Font Info:    Checking defaults for OML/cmm/m/it on input line 172.
LaTeX Font Info:    ... okay on input line 172.
LaTeX Font Info:    Checking defaults for T1/cmr/m/n on input line 172.
LaTeX Font Info:    ... okay on input line 172.
LaTeX Font Info:    Checking defaults for OT1/cmr/m/n on input line 172.
LaTeX Font Info:    ... okay on input line 172.
LaTeX Font Info:    Checking defaults for OMS/cmsy/m/n on input line 172.
LaTeX Font Info:    ... okay on input line 172.
LaTeX Font Info:    Checking defaults for TU/lmr/m/n on input line 172.
LaTeX Font Info:    ... okay on input line 172.
LaTeX Font Info:    Checking defaults for OMX/cmex/m/n on input line 172.
LaTeX Font Info:    ... okay on input line 172.
LaTeX Font Info:    Checking defaults for U/cmr/m/n on input line 172.
LaTeX Font Info:    ... okay on input line 172.
LaTeX Font Info:    Checking defaults for TS1/cmr/m/n on input line 172.
LaTeX Font Info:    ... okay on input line 172.
LaTeX Font Info:    Checking defaults for PD1/pdf/m/n on input line 172.
LaTeX Font Info:    ... okay on input line 172.
LaTeX Font Info:    Checking defaults for PU/pdf/m/n on input line 172.
LaTeX Font Info:    ... okay on input line 172.
LaTeX Font Info:    Overwriting math alphabet `\mathsf' in version `normal'
(Font)                  OT1/lmss/m/n --> TU/lmss/m/n on input line 172.
LaTeX Font Info:    Overwriting math alphabet `\mathsf' in version `bold'
(Font)                  OT1/lmss/bx/n --> TU/lmss/bx/n on input line 172.
LaTeX Font Info:    Overwriting math alphabet `\mathtt' in version `normal'
(Font)                  OT1/lmtt/m/n --> TU/lmtt/m/n on input line 172.
LaTeX Font Info:    Overwriting math alphabet `\mathtt' in version `bold'
(Font)                  OT1/lmtt/m/n --> TU/lmtt/bx/n on input line 172.

Package fontspec Info: latinmodern-math scale = 1.044806344261134.


Package fontspec Info: latinmodern-math scale = 1.044806344261134.


Package fontspec Info: latinmodern-math scale = 1.044806344261134.


Package fontspec Info: Font family 'latinmodern-math.otf(0)' created for font
(fontspec)             'latinmodern-math.otf' with options
(fontspec)             [Scale=MatchLowercase,BoldItalicFont={},ItalicFont={},Sm
allCapsFont={},Script=Math,BoldFont={latinmodern-math.otf}].
(fontspec)              
(fontspec)              This font family consists of the following NFSS
(fontspec)             series/shapes:
(fontspec)              
(fontspec)             - 'normal' (m/n) with NFSS spec.:
(fontspec)             <->s*[1.044806344261134]"[latinmodern-math.otf]/OT:scrip
t=math;language=DFLT;"
(fontspec)             - 'small caps'  (m/sc) with NFSS spec.: 
(fontspec)             - 'bold' (bx/n) with NFSS spec.:
(fontspec)             <->s*[1.044806344261134]"[latinmodern-math.otf]/OT:scrip
t=math;language=DFLT;"
(fontspec)             - 'bold small caps'  (bx/sc) with NFSS spec.: 

LaTeX Font Info:    Font shape `TU/latinmodern-math.otf(0)/m/n' will be
(Font)              scaled to size 10.448pt on input line 172.

Package fontspec Info: latinmodern-math scale = 1.044806344261134.


Package fontspec Info: latinmodern-math scale = 1.044806344261134.


Package fontspec Info: latinmodern-math scale = 1.044806344261134.


Package fontspec Info: latinmodern-math scale = 1.044806344261134.


Package fontspec Info: latinmodern-math scale = 1.044806344261134.


Package fontspec Info: Font family 'latinmodern-math.otf(1)' created for font
(fontspec)             'latinmodern-math.otf' with options
(fontspec)             [Scale=MatchLowercase,BoldItalicFont={},ItalicFont={},Sm
allCapsFont={},Script=Math,SizeFeatures={{Size=8.5-},{Size=6-8.5,Font=latinmode
rn-math.otf,Style=MathScript},{Size=-6,Font=latinmodern-math.otf,Style=MathScri
ptScript}},BoldFont={latinmodern-math.otf}].
(fontspec)              
(fontspec)              This font family consists of the following NFSS
(fontspec)             series/shapes:
(fontspec)              
(fontspec)             - 'normal' (m/n) with NFSS spec.:
(fontspec)             <8.5->s*[1.044806344261134]"[latinmodern-math.otf]/OT:sc
ript=math;language=DFLT;"<6-8.5>s*[1.044806344261134]"[latinmodern-math.otf]/OT
:script=math;language=DFLT;+ssty=0;"<-6>s*[1.044806344261134]"[latinmodern-math
.otf]/OT:script=math;language=DFLT;+ssty=1;"
(fontspec)             - 'small caps'  (m/sc) with NFSS spec.: 
(fontspec)             - 'bold' (bx/n) with NFSS spec.:
(fontspec)             <->s*[1.044806344261134]"[latinmodern-math.otf]/OT:scrip
t=math;language=DFLT;"
(fontspec)             - 'bold small caps'  (bx/sc) with NFSS spec.: 

LaTeX Font Info:    Font shape `TU/latinmodern-math.otf(1)/m/n' will be
(Font)              scaled to size 10.448pt on input line 172.
LaTeX Font Info:    Encoding `OT1' has changed to `TU' for symbol font
(Font)              `operators' in the math version `normal' on input line 172.

LaTeX Font Info:    Overwriting symbol font `operators' in version `normal'
(Font)                  OT1/lmr/m/n --> TU/latinmodern-math.otf(1)/m/n on input
 line 172.
LaTeX Font Info:    Encoding `OT1' has changed to `TU' for symbol font
(Font)              `operators' in the math version `bold' on input line 172.
LaTeX Font Info:    Overwriting symbol font `operators' in version `bold'
(Font)                  OT1/lmr/bx/n --> TU/latinmodern-math.otf(1)/bx/n on inp
ut line 172.

Package fontspec Info: latinmodern-math scale = 1.044806344261134.


Package fontspec Info: latinmodern-math scale = 1.04491082489556.


Package fontspec Info: latinmodern-math scale = 1.044806344261134.


Package fontspec Info: latinmodern-math scale = 1.04491082489556.


Package fontspec Info: latinmodern-math scale = 1.044806344261134.


Package fontspec Info: latinmodern-math scale = 1.04491082489556.


Package fontspec Info: latinmodern-math scale = 1.044806344261134.


Package fontspec Info: latinmodern-math scale = 1.04491082489556.


Package fontspec Info: latinmodern-math scale = 1.044806344261134.


Package fontspec Info: latinmodern-math scale = 1.04491082489556.


Package fontspec Info: Font family 'latinmodern-math.otf(2)' created for font
(fontspec)             'latinmodern-math.otf' with options
(fontspec)             [Scale=MatchLowercase,BoldItalicFont={},ItalicFont={},Sm
allCapsFont={},Script=Math,SizeFeatures={{Size=8.5-},{Size=6-8.5,Font=latinmode
rn-math.otf,Style=MathScript},{Size=-6,Font=latinmodern-math.otf,Style=MathScri
ptScript}},BoldFont={latinmodern-math.otf},ScaleAgain=1.0001,FontAdjustment={\f
ontdimen
(fontspec)             8\font =7.07329pt\relax \fontdimen 9\font
(fontspec)             =4.11652pt\relax \fontdimen 10\font =4.63892pt\relax
(fontspec)             \fontdimen 11\font =7.16733pt\relax \fontdimen 12\font
(fontspec)             =3.60455pt\relax \fontdimen 13\font =3.79262pt\relax
(fontspec)             \fontdimen 14\font =3.79262pt\relax \fontdimen 15\font
(fontspec)             =3.01947pt\relax \fontdimen 16\font =2.58066pt\relax
(fontspec)             \fontdimen 17\font =2.58066pt\relax \fontdimen 18\font
(fontspec)             =2.612pt\relax \fontdimen 19\font =2.0896pt\relax
(fontspec)             \fontdimen 22\font =2.612pt\relax \fontdimen 20\font
(fontspec)             =0pt\relax \fontdimen 21\font =0pt\relax }].
(fontspec)              
(fontspec)              This font family consists of the following NFSS
(fontspec)             series/shapes:
(fontspec)              
(fontspec)             - 'normal' (m/n) with NFSS spec.:
(fontspec)             <8.5->s*[1.04491082489556]"[latinmodern-math.otf]/OT:scr
ipt=math;language=DFLT;"<6-8.5>s*[1.04491082489556]"[latinmodern-math.otf]/OT:s
cript=math;language=DFLT;+ssty=0;"<-6>s*[1.04491082489556]"[latinmodern-math.ot
f]/OT:script=math;language=DFLT;+ssty=1;"
(fontspec)             - 'small caps'  (m/sc) with NFSS spec.: 
(fontspec)             and font adjustment code:
(fontspec)             \fontdimen 8\font =7.07329pt\relax \fontdimen 9\font
(fontspec)             =4.11652pt\relax \fontdimen 10\font =4.63892pt\relax
(fontspec)             \fontdimen 11\font =7.16733pt\relax \fontdimen 12\font
(fontspec)             =3.60455pt\relax \fontdimen 13\font =3.79262pt\relax
(fontspec)             \fontdimen 14\font =3.79262pt\relax \fontdimen 15\font
(fontspec)             =3.01947pt\relax \fontdimen 16\font =2.58066pt\relax
(fontspec)             \fontdimen 17\font =2.58066pt\relax \fontdimen 18\font
(fontspec)             =2.612pt\relax \fontdimen 19\font =2.0896pt\relax
(fontspec)             \fontdimen 22\font =2.612pt\relax \fontdimen 20\font
(fontspec)             =0pt\relax \fontdimen 21\font =0pt\relax 
(fontspec)             - 'bold' (bx/n) with NFSS spec.:
(fontspec)             <->s*[1.04491082489556]"[latinmodern-math.otf]/OT:script
=math;language=DFLT;"
(fontspec)             - 'bold small caps'  (bx/sc) with NFSS spec.: 
(fontspec)             and font adjustment code:
(fontspec)             \fontdimen 8\font =7.07329pt\relax \fontdimen 9\font
(fontspec)             =4.11652pt\relax \fontdimen 10\font =4.63892pt\relax
(fontspec)             \fontdimen 11\font =7.16733pt\relax \fontdimen 12\font
(fontspec)             =3.60455pt\relax \fontdimen 13\font =3.79262pt\relax
(fontspec)             \fontdimen 14\font =3.79262pt\relax \fontdimen 15\font
(fontspec)             =3.01947pt\relax \fontdimen 16\font =2.58066pt\relax
(fontspec)             \fontdimen 17\font =2.58066pt\relax \fontdimen 18\font
(fontspec)             =2.612pt\relax \fontdimen 19\font =2.0896pt\relax
(fontspec)             \fontdimen 22\font =2.612pt\relax \fontdimen 20\font
(fontspec)             =0pt\relax \fontdimen 21\font =0pt\relax 

LaTeX Font Info:    Encoding `OMS' has changed to `TU' for symbol font
(Font)              `symbols' in the math version `normal' on input line 172.
LaTeX Font Info:    Overwriting symbol font `symbols' in version `normal'
(Font)                  OMS/lmsy/m/n --> TU/latinmodern-math.otf(2)/m/n on inpu
t line 172.
LaTeX Font Info:    Encoding `OMS' has changed to `TU' for symbol font
(Font)              `symbols' in the math version `bold' on input line 172.
LaTeX Font Info:    Overwriting symbol font `symbols' in version `bold'
(Font)                  OMS/lmsy/b/n --> TU/latinmodern-math.otf(2)/bx/n on inp
ut line 172.

Package fontspec Info: latinmodern-math scale = 1.044806344261134.


Package fontspec Info: latinmodern-math scale = 1.044701863626708.


Package fontspec Info: latinmodern-math scale = 1.044806344261134.


Package fontspec Info: latinmodern-math scale = 1.044701863626708.


Package fontspec Info: latinmodern-math scale = 1.044806344261134.


Package fontspec Info: latinmodern-math scale = 1.044701863626708.


Package fontspec Info: latinmodern-math scale = 1.044806344261134.


Package fontspec Info: latinmodern-math scale = 1.044701863626708.


Package fontspec Info: latinmodern-math scale = 1.044806344261134.


Package fontspec Info: latinmodern-math scale = 1.044701863626708.


Package fontspec Info: Font family 'latinmodern-math.otf(3)' created for font
(fontspec)             'latinmodern-math.otf' with options
(fontspec)             [Scale=MatchLowercase,BoldItalicFont={},ItalicFont={},Sm
allCapsFont={},Script=Math,SizeFeatures={{Size=8.5-},{Size=6-8.5,Font=latinmode
rn-math.otf,Style=MathScript},{Size=-6,Font=latinmodern-math.otf,Style=MathScri
ptScript}},BoldFont={latinmodern-math.otf},ScaleAgain=0.9999,FontAdjustment={\f
ontdimen
(fontspec)             8\font =0.41792pt\relax \fontdimen 9\font
(fontspec)             =2.0896pt\relax \fontdimen 10\font =1.74481pt\relax
(fontspec)             \fontdimen 11\font =1.15973pt\relax \fontdimen 12\font
(fontspec)             =6.2688pt\relax \fontdimen 13\font =0pt\relax }].
(fontspec)              
(fontspec)              This font family consists of the following NFSS
(fontspec)             series/shapes:
(fontspec)              
(fontspec)             - 'normal' (m/n) with NFSS spec.:
(fontspec)             <8.5->s*[1.044701863626708]"[latinmodern-math.otf]/OT:sc
ript=math;language=DFLT;"<6-8.5>s*[1.044701863626708]"[latinmodern-math.otf]/OT
:script=math;language=DFLT;+ssty=0;"<-6>s*[1.044701863626708]"[latinmodern-math
.otf]/OT:script=math;language=DFLT;+ssty=1;"
(fontspec)             - 'small caps'  (m/sc) with NFSS spec.: 
(fontspec)             and font adjustment code:
(fontspec)             \fontdimen 8\font =0.41792pt\relax \fontdimen 9\font
(fontspec)             =2.0896pt\relax \fontdimen 10\font =1.74481pt\relax
(fontspec)             \fontdimen 11\font =1.15973pt\relax \fontdimen 12\font
(fontspec)             =6.2688pt\relax \fontdimen 13\font =0pt\relax 
(fontspec)             - 'bold' (bx/n) with NFSS spec.:
(fontspec)             <->s*[1.044701863626708]"[latinmodern-math.otf]/OT:scrip
t=math;language=DFLT;"
(fontspec)             - 'bold small caps'  (bx/sc) with NFSS spec.: 
(fontspec)             and font adjustment code:
(fontspec)             \fontdimen 8\font =0.41792pt\relax \fontdimen 9\font
(fontspec)             =2.0896pt\relax \fontdimen 10\font =1.74481pt\relax
(fontspec)             \fontdimen 11\font =1.15973pt\relax \fontdimen 12\font
(fontspec)             =6.2688pt\relax \fontdimen 13\font =0pt\relax 

LaTeX Font Info:    Encoding `OMX' has changed to `TU' for symbol font
(Font)              `largesymbols' in the math version `normal' on input line 1
72.
LaTeX Font Info:    Overwriting symbol font `largesymbols' in version `normal'
(Font)                  OMX/lmex/m/n --> TU/latinmodern-math.otf(3)/m/n on inpu
t line 172.
LaTeX Font Info:    Encoding `OMX' has changed to `TU' for symbol font
(Font)              `largesymbols' in the math version `bold' on input line 172
.
LaTeX Font Info:    Overwriting symbol font `largesymbols' in version `bold'
(Font)                  OMX/lmex/m/n --> TU/latinmodern-math.otf(3)/bx/n on inp
ut line 172.
LaTeX Info: Redefining \microtypecontext on input line 172.
Package microtype Info: Character protrusion enabled (level 2).
Package microtype Info: Using protrusion set `basicmath'.
Package microtype Info: No adjustment of tracking.
Package microtype Info: No adjustment of spacing.
Package microtype Info: No adjustment of kerning.
Package microtype Info: Loading generic protrusion settings for font family
(microtype)             `Alegreya' (encoding: TU).
(microtype)             For optimal results, create family-specific settings.
(microtype)             See the microtype manual for details.
\AtBeginShipoutBox=\box74
Package hyperref Info: Link coloring OFF on input line 172.
(/usr/local/texlive/2019/texmf-dist/tex/latex/hyperref/nameref.sty
Package: nameref 2016/05/21 v2.44 Cross-referencing by name of section
(/usr/local/texlive/2019/texmf-dist/tex/generic/oberdiek/gettitlestring.sty
Package: gettitlestring 2016/05/16 v1.5 Cleanup title references (HO)
)
\c@section@level=\count317
)
LaTeX Info: Redefining \ref on input line 172.
LaTeX Info: Redefining \pageref on input line 172.
LaTeX Info: Redefining \nameref on input line 172.
ABD: EveryShipout initializing macros
LaTeX Font Info:    Font shape `TU/Alegreya(0)/m/n' will be
(Font)              scaled to size 17.28pt on input line 174.
LaTeX Font Info:    Font shape `TU/Alegreya(0)/m/n' will be
(Font)              scaled to size 12.0pt on input line 174.
LaTeX Font Info:    Font shape `TU/latinmodern-math.otf(1)/m/n' will be
(Font)              scaled to size 12.5376pt on input line 174.
LaTeX Font Info:    Font shape `TU/latinmodern-math.otf(1)/m/n' will be
(Font)              scaled to size 8.3584pt on input line 174.
LaTeX Font Info:    Font shape `TU/latinmodern-math.otf(1)/m/n' will be
(Font)              scaled to size 6.2688pt on input line 174.
LaTeX Font Info:    Try loading font information for OML+lmm on input line 174.

(/usr/local/texlive/2019/texmf-dist/tex/latex/lm/omllmm.fd
File: omllmm.fd 2009/10/30 v1.6 Font defs for Latin Modern
)
LaTeX Font Info:    Font shape `TU/latinmodern-math.otf(2)/m/n' will be
(Font)              scaled to size 12.53888pt on input line 174.
LaTeX Font Info:    Font shape `TU/latinmodern-math.otf(2)/m/n' will be
(Font)              scaled to size 8.35925pt on input line 174.
LaTeX Font Info:    Font shape `TU/latinmodern-math.otf(2)/m/n' will be
(Font)              scaled to size 6.26944pt on input line 174.
LaTeX Font Info:    Font shape `TU/latinmodern-math.otf(3)/m/n' will be
(Font)              scaled to size 12.5365pt on input line 174.
LaTeX Font Info:    Font shape `TU/latinmodern-math.otf(3)/m/n' will be
(Font)              scaled to size 8.35767pt on input line 174.
LaTeX Font Info:    Font shape `TU/latinmodern-math.otf(3)/m/n' will be
(Font)              scaled to size 6.26825pt on input line 174.
LaTeX Font Info:    Try loading font information for U+msa on input line 174.
(/usr/local/texlive/2019/texmf-dist/tex/latex/amsfonts/umsa.fd
File: umsa.fd 2013/01/14 v3.01 AMS symbols A
) (/usr/local/texlive/2019/texmf-dist/tex/latex/microtype/mt-msa.cfg
File: mt-msa.cfg 2006/02/04 v1.1 microtype config. file: AMS symbols (a) (RS)
)
LaTeX Font Info:    Try loading font information for U+msb on input line 174.
(/usr/local/texlive/2019/texmf-dist/tex/latex/amsfonts/umsb.fd
File: umsb.fd 2013/01/14 v3.01 AMS symbols B
) (/usr/local/texlive/2019/texmf-dist/tex/latex/microtype/mt-msb.cfg
File: mt-msb.cfg 2005/06/01 v1.0 microtype config. file: AMS symbols (b) (RS)
) [1


]
LaTeX Font Info:    Font shape `TU/Alegreya(0)/m/sl' in size <10> not available

(Font)              Font shape `TU/Alegreya(0)/m/it' tried instead on input lin
e 177.
LaTeX Font Info:    Font shape `TU/Alegreya(0)/m/it' will be
(Font)              scaled to size 10.0pt on input line 177.
[2

]
LaTeX Font Info:    Font shape `TU/Alegreya(0)/m/n' will be
(Font)              scaled to size 20.74pt on input line 177.
LaTeX Font Info:    Try loading font information for T1+pbk on input line 177.
(/usr/local/texlive/2019/texmf-dist/tex/latex/psnfss/t1pbk.fd
File: t1pbk.fd 2001/06/04 font definitions for T1/pbk.
)
LaTeX Font Info:    Font shape `T1/pbk/b/n' in size <20.74> not available
(Font)              Font shape `T1/pbk/db/n' tried instead on input line 177.
LaTeX Font Info:    Font shape `T1/pbk/b/n' in size <100> not available
(Font)              Font shape `T1/pbk/db/n' tried instead on input line 177.
(./intro_to_stats.toc
LaTeX Font Info:    Font shape `TU/Alegreya(0)/bx/n' will be
(Font)              scaled to size 10.0pt on input line 1.
LaTeX Font Info:    Font shape `TU/latinmodern-math.otf(1)/m/n' will be
(Font)              scaled to size 7.3136pt on input line 2.
LaTeX Font Info:    Font shape `TU/latinmodern-math.otf(1)/m/n' will be
(Font)              scaled to size 5.224pt on input line 2.
LaTeX Font Info:    Font shape `TU/latinmodern-math.otf(2)/m/n' will be
(Font)              scaled to size 10.44907pt on input line 2.
LaTeX Font Info:    Font shape `TU/latinmodern-math.otf(2)/m/n' will be
(Font)              scaled to size 7.31435pt on input line 2.
LaTeX Font Info:    Font shape `TU/latinmodern-math.otf(2)/m/n' will be
(Font)              scaled to size 5.22453pt on input line 2.
LaTeX Font Info:    Font shape `TU/latinmodern-math.otf(3)/m/n' will be
(Font)              scaled to size 10.44708pt on input line 2.
LaTeX Font Info:    Font shape `TU/latinmodern-math.otf(3)/m/n' will be
(Font)              scaled to size 7.31296pt on input line 2.
LaTeX Font Info:    Font shape `TU/latinmodern-math.otf(3)/m/n' will be
(Font)              scaled to size 5.22354pt on input line 2.
[3])
\tf@toc=\write7
\openout7 = `intro_to_stats.toc'.

[4]
Chapter 1.
LaTeX Font Info:    Font shape `TU/Alegreya(0)/m/n' will be
(Font)              scaled to size 14.4pt on input line 185.
LaTeX Font Info:    Font shape `TU/Alegreya(0)/bx/n' will be
(Font)              scaled to size 14.4pt on input line 185.
[5

]
LaTeX Font Info:    Font shape `TU/Alegreya(0)/bx/n' will be
(Font)              scaled to size 12.0pt on input line 216.
LaTeX Font Info:    Font shape `TU/lmtt/bx/n' in size <12> not available
(Font)              Font shape `TU/lmtt/b/n' tried instead on input line 216.
File: fig/package_install.png Graphic file (type bmp)
<fig/package_install.png>

Overfull \hbox (196.48013pt too wide) in paragraph at lines 235--237
[]\TU/Alegreya(0)/m/n/10 In the \TU/lmtt/m/n/10 Console \TU/Alegreya(0)/m/n/10 
tab in the lower left panel of RStudio type \TU/lmtt/m/n/10 devtools::install_g
ithub("rstudio-education/gradethis") 
 []

[6]
Overfull \hbox (138.73013pt too wide) in paragraph at lines 254--255
[]\TU/Alegreya(0)/m/n/10 In the \TU/lmtt/m/n/10 Console \TU/Alegreya(0)/m/n/10 
tab in the lower left panel of RStudio type \TU/lmtt/m/n/10 devtools::install_g
ithub("danmaclean/itssl") 
 []

LaTeX Font Info:    Font shape `TU/lmtt/bx/n' in size <14.4> not available
(Font)              Font shape `TU/lmtt/b/n' tried instead on input line 258.

Overfull \hbox (36.24013pt too wide) in paragraph at lines 262--263
[]\TU/Alegreya(0)/m/n/10 All the functions in \TU/lmtt/m/n/10 itssl \TU/Alegrey
a(0)/m/n/10 follow this naming scheme \TU/lmtt/m/n/10 its_<something-something>
_time()
 []

LaTeX Font Info:    Font shape `TU/Alegreya(0)/m/n' will be
(Font)              scaled to size 7.0pt on input line 274.
LaTeX Font Info:    Font shape `TU/Alegreya(0)/m/n' will be
(Font)              scaled to size 8.0pt on input line 274.
LaTeX Font Info:    Font shape `TU/Alegreya(0)/m/n' will be
(Font)              scaled to size 6.0pt on input line 274.
[7] [8

]
Chapter 2.
[9] [10]
Chapter 3.
LaTeX Font Info:    Font shape `TU/Alegreya(0)/m/it' will be
(Font)              scaled to size 12.0pt on input line 355.
[11

]
LaTeX Font Info:    Font shape `TU/latinmodern-math.otf(1)/m/n' will be
(Font)              scaled to size 15.0451pt on input line 378.
LaTeX Font Info:    Font shape `TU/latinmodern-math.otf(2)/m/n' will be
(Font)              scaled to size 15.04665pt on input line 378.
LaTeX Font Info:    Font shape `TU/latinmodern-math.otf(3)/m/n' will be
(Font)              scaled to size 15.04378pt on input line 378.
[12]
LaTeX Font Info:    Font shape `TU/lmtt/bx/n' in size <10> not available
(Font)              Font shape `TU/lmtt/b/n' tried instead on input line 399.
[13]
File: intro_to_stats_files/figure-latex/unnamed-chunk-7-1.pdf Graphic file (typ
e pdf)
<use intro_to_stats_files/figure-latex/unnamed-chunk-7-1.pdf>
File: intro_to_stats_files/figure-latex/unnamed-chunk-8-1.pdf Graphic file (typ
e pdf)
<use intro_to_stats_files/figure-latex/unnamed-chunk-8-1.pdf>
[14]
File: intro_to_stats_files/figure-latex/unnamed-chunk-9-1.pdf Graphic file (typ
e pdf)
<use intro_to_stats_files/figure-latex/unnamed-chunk-9-1.pdf>
File: intro_to_stats_files/figure-latex/unnamed-chunk-9-2.pdf Graphic file (typ
e pdf)
<use intro_to_stats_files/figure-latex/unnamed-chunk-9-2.pdf>

Overfull \hbox (1.34439pt too wide) in paragraph at lines 445--446
[][] [] 
 []


Overfull \hbox (57.68977pt too wide) has occurred while \output is active
\TU/Alegreya(0)/m/it/10 3.3.  SLOPES OF STRAIGHT LINES CAN HELP US THINK ABOUT 
DIFFERENCES BETWEEN THINGS \TU/Alegreya(0)/m/n/10 15
 []

[15] [16

]
Chapter 4.
[17]
File: intro_to_stats_files/figure-latex/unnamed-chunk-10-1.pdf Graphic file (ty
pe pdf)
<use intro_to_stats_files/figure-latex/unnamed-chunk-10-1.pdf>
[18]
File: intro_to_stats_files/figure-latex/unnamed-chunk-11-1.pdf Graphic file (ty
pe pdf)
<use intro_to_stats_files/figure-latex/unnamed-chunk-11-1.pdf>
File: intro_to_stats_files/figure-latex/unnamed-chunk-12-1.pdf Graphic file (ty
pe pdf)
<use intro_to_stats_files/figure-latex/unnamed-chunk-12-1.pdf>

Underfull \vbox (badness 10000) has occurred while \output is active []

[19] [20]
File: intro_to_stats_files/figure-latex/unnamed-chunk-13-1.pdf Graphic file (ty
pe pdf)
<use intro_to_stats_files/figure-latex/unnamed-chunk-13-1.pdf>
[21]
File: intro_to_stats_files/figure-latex/unnamed-chunk-16-1.pdf Graphic file (ty
pe pdf)
<use intro_to_stats_files/figure-latex/unnamed-chunk-16-1.pdf>
[22]
File: intro_to_stats_files/figure-latex/unnamed-chunk-17-1.pdf Graphic file (ty
pe pdf)
<use intro_to_stats_files/figure-latex/unnamed-chunk-17-1.pdf>
[23]
File: intro_to_stats_files/figure-latex/unnamed-chunk-19-1.pdf Graphic file (ty
pe pdf)
<use intro_to_stats_files/figure-latex/unnamed-chunk-19-1.pdf>
File: intro_to_stats_files/figure-latex/unnamed-chunk-19-2.pdf Graphic file (ty
pe pdf)
<use intro_to_stats_files/figure-latex/unnamed-chunk-19-2.pdf>

Overfull \hbox (1.3424pt too wide) in paragraph at lines 653--654
[][] [] 
 []

[24]
File: intro_to_stats_files/figure-latex/unnamed-chunk-21-1.pdf Graphic file (ty
pe pdf)
<use intro_to_stats_files/figure-latex/unnamed-chunk-21-1.pdf>
File: intro_to_stats_files/figure-latex/unnamed-chunk-21-2.pdf Graphic file (ty
pe pdf)
<use intro_to_stats_files/figure-latex/unnamed-chunk-21-2.pdf>

Overfull \hbox (1.3424pt too wide) in paragraph at lines 712--713
[][] [] 
 []


Underfull \vbox (badness 10000) has occurred while \output is active []


Overfull \hbox (36.18103pt too wide) has occurred while \output is active
\TU/Alegreya(0)/m/it/10 4.6.  LINEAR MODELS CONTAIN STATISTICS DESCRIBING THE G
OODNESS OF THE MODEL \TU/Alegreya(0)/m/n/10 25
 []

[25] [26] [27]
File: intro_to_stats_files/figure-latex/unnamed-chunk-23-1.pdf Graphic file (ty
pe pdf)
<use intro_to_stats_files/figure-latex/unnamed-chunk-23-1.pdf>
File: intro_to_stats_files/figure-latex/unnamed-chunk-23-2.pdf Graphic file (ty
pe pdf)
<use intro_to_stats_files/figure-latex/unnamed-chunk-23-2.pdf>

Overfull \hbox (1.3424pt too wide) in paragraph at lines 793--794
[][] [] 
 []

[28]
File: intro_to_stats_files/figure-latex/unnamed-chunk-24-1.pdf Graphic file (ty
pe pdf)
<use intro_to_stats_files/figure-latex/unnamed-chunk-24-1.pdf>

Overfull \hbox (15.1629pt too wide) has occurred while \output is active
\TU/Alegreya(0)/m/it/10 4.10.  EXTRA CREDIT: UNDERSTANDING LINEAR MODELS THROUG
H THE NOTATION \TU/Alegreya(0)/m/n/10 29
 []

[29]
File: intro_to_stats_files/figure-latex/unnamed-chunk-25-1.pdf Graphic file (ty
pe pdf)
<use intro_to_stats_files/figure-latex/unnamed-chunk-25-1.pdf>

Underfull \vbox (badness 6461) has occurred while \output is active []

[30]
Overfull \hbox (13.5529pt too wide) has occurred while \output is active
\TU/Alegreya(0)/m/it/10 4.10.  EXTRA CREDIT: UNDERSTANDING LINEAR MODELS THROUG
H THE NOTATION \TU/Alegreya(0)/m/n/10 31
 []

[31] [32

]
Chapter 5.
[33] [34]
Overfull \hbox (38.25pt too wide) in paragraph at lines 1050--1050
[]\TU/lmtt/m/n/10 ##   [1]  0.270232075 -0.112933852 -0.854887806 -1.033741090 
 0.222026624[] 
 []


Overfull \hbox (38.25pt too wide) in paragraph at lines 1051--1051
[]\TU/lmtt/m/n/10 ##   [6] -1.079481969 -0.441373899  2.020634788  0.072856488 
 0.708817307[] 
 []


Overfull \hbox (38.25pt too wide) in paragraph at lines 1052--1052
[]\TU/lmtt/m/n/10 ##  [11]  0.850509404 -1.486197129  0.920529800  0.148328802 
-0.236867797[] 
 []


Overfull \hbox (38.25pt too wide) in paragraph at lines 1053--1053
[]\TU/lmtt/m/n/10 ##  [16] -0.473236193 -0.669206104  1.358526687  1.412918017 
-0.732773768[] 
 []


Overfull \hbox (38.25pt too wide) in paragraph at lines 1054--1054
[]\TU/lmtt/m/n/10 ##  [21] -0.080551917  0.810196822  0.502587532  1.124022640 
-0.171279790[] 
 []


Overfull \hbox (38.25pt too wide) in paragraph at lines 1055--1055
[]\TU/lmtt/m/n/10 ##  [26]  0.118151334  0.869902623 -0.091936205  0.068898788 
-1.682426754[] 
 []


Overfull \hbox (38.25pt too wide) in paragraph at lines 1056--1056
[]\TU/lmtt/m/n/10 ##  [31]  1.116955546 -1.351357574 -0.537166518 -0.370113610 
 0.354012224[] 
 []


Overfull \hbox (38.25pt too wide) in paragraph at lines 1057--1057
[]\TU/lmtt/m/n/10 ##  [36] -0.809825285 -0.179724629 -1.147659646  0.096242383 
 0.814700103[] 
 []


Overfull \hbox (38.25pt too wide) in paragraph at lines 1058--1058
[]\TU/lmtt/m/n/10 ##  [41]  0.982940735  0.850843482  1.207347447 -1.433778349 
-1.100945680[] 
 []


Overfull \hbox (38.25pt too wide) in paragraph at lines 1059--1059
[]\TU/lmtt/m/n/10 ##  [46] -0.277042218 -0.641363270  0.856874779  0.313843454 
 1.222462079[] 
 []


Overfull \hbox (38.25pt too wide) in paragraph at lines 1060--1060
[]\TU/lmtt/m/n/10 ##  [51] -1.126327533  0.236297412 -1.272369556  0.315682687 
 0.355610384[] 
 []


Overfull \hbox (38.25pt too wide) in paragraph at lines 1061--1061
[]\TU/lmtt/m/n/10 ##  [56]  0.004052138  1.149194486 -0.496614335 -0.746796520 
-1.282767236[] 
 []


Overfull \hbox (38.25pt too wide) in paragraph at lines 1062--1062
[]\TU/lmtt/m/n/10 ##  [61] -1.031771673 -2.072046704 -0.426067161 -0.776975633 
-0.181812198[] 
 []


Overfull \hbox (38.25pt too wide) in paragraph at lines 1063--1063
[]\TU/lmtt/m/n/10 ##  [66] -0.862307391 -0.182541922  1.370695476  1.342718956 
-1.151762060[] 
 []


Overfull \hbox (38.25pt too wide) in paragraph at lines 1064--1064
[]\TU/lmtt/m/n/10 ##  [71]  0.748764659  1.522147956 -1.453019874  1.210757937 
-0.909345650[] 
 []


Overfull \hbox (38.25pt too wide) in paragraph at lines 1065--1065
[]\TU/lmtt/m/n/10 ##  [76]  1.200410172 -0.165416227 -0.494206517 -1.564569420 
-0.354367785[] 
 []


Overfull \hbox (38.25pt too wide) in paragraph at lines 1066--1066
[]\TU/lmtt/m/n/10 ##  [81] -1.021964796  1.191805557  0.229314222 -1.272579083 
 0.691872220[] 
 []


Overfull \hbox (38.25pt too wide) in paragraph at lines 1067--1067
[]\TU/lmtt/m/n/10 ##  [86] -0.028754757 -1.103832089 -1.035274763  0.139952624 
 0.682728655[] 
 []


Overfull \hbox (38.25pt too wide) in paragraph at lines 1068--1068
[]\TU/lmtt/m/n/10 ##  [91] -1.135559328  1.772544877 -0.093926303 -2.321188155 
 0.151039364[] 
 []


Overfull \hbox (38.25pt too wide) in paragraph at lines 1069--1069
[]\TU/lmtt/m/n/10 ##  [96] -0.691147261  0.830428846  1.192598468  0.309910662 
-1.549384356[] 
 []

[35]
Underfull \vbox (badness 2452) has occurred while \output is active []

[36] [37] [38

]
Chapter 6.
LaTeX Font Info:    Font shape `TU/latinmodern-math.otf(1)/m/n' will be
(Font)              scaled to size 21.66914pt on input line 1153.
LaTeX Font Info:    Font shape `TU/latinmodern-math.otf(2)/m/n' will be
(Font)              scaled to size 21.67136pt on input line 1153.
LaTeX Font Info:    Font shape `TU/latinmodern-math.otf(3)/m/n' will be
(Font)              scaled to size 21.66725pt on input line 1153.
[39]
File: intro_to_stats_files/figure-latex/unnamed-chunk-41-1.pdf Graphic file (ty
pe pdf)
<use intro_to_stats_files/figure-latex/unnamed-chunk-41-1.pdf>
File: intro_to_stats_files/figure-latex/unnamed-chunk-41-2.pdf Graphic file (ty
pe pdf)
<use intro_to_stats_files/figure-latex/unnamed-chunk-41-2.pdf>

Overfull \hbox (1.3454pt too wide) in paragraph at lines 1255--1256
[][] [] 
 []

[40]
File: intro_to_stats_files/figure-latex/unnamed-chunk-42-1.pdf Graphic file (ty
pe pdf)
<use intro_to_stats_files/figure-latex/unnamed-chunk-42-1.pdf>

Underfull \vbox (badness 10000) has occurred while \output is active []

[41]
File: intro_to_stats_files/figure-latex/unnamed-chunk-44-1.pdf Graphic file (ty
pe pdf)
<use intro_to_stats_files/figure-latex/unnamed-chunk-44-1.pdf>
[42] [43]
File: intro_to_stats_files/figure-latex/unnamed-chunk-47-1.pdf Graphic file (ty
pe pdf)
<use intro_to_stats_files/figure-latex/unnamed-chunk-47-1.pdf>
[44] [45]
File: intro_to_stats_files/figure-latex/unnamed-chunk-50-1.pdf Graphic file (ty
pe pdf)
<use intro_to_stats_files/figure-latex/unnamed-chunk-50-1.pdf>
[46]
Overfull \hbox (17.25pt too wide) in paragraph at lines 1545--1545
[]\TU/lmtt/m/n/10 ## alternative hypothesis: true difference in means is not eq
ual to 0[] 
 []

[47]
Overfull \hbox (27.75pt too wide) in paragraph at lines 1605--1605
[]\TU/lmtt/m/n/10 ## Warning: Removed 24 rows containing non-finite values (sta
t_smooth).[] 
 []


Overfull \hbox (12.0pt too wide) in paragraph at lines 1609--1609
[]\TU/lmtt/m/n/10 ## Warning in min(x): no non-missing arguments to min; return
ing Inf[] 
 []


Overfull \hbox (17.25pt too wide) in paragraph at lines 1613--1613
[]\TU/lmtt/m/n/10 ## Warning in max(x): no non-missing arguments to max; return
ing -Inf[] 
 []


Overfull \hbox (75.0pt too wide) in paragraph at lines 1617--1617
[]\TU/lmtt/m/n/10 ## Warning in min(diff(sort(x))): no non-missing arguments to
 min; returning Inf[] 
 []


Overfull \hbox (22.5pt too wide) in paragraph at lines 1621--1621
[]\TU/lmtt/m/n/10 ## Warning: Removed 2 rows containing missing values (positio
n_stack).[] 
 []

File: intro_to_stats_files/figure-latex/unnamed-chunk-54-1.pdf Graphic file (ty
pe pdf)
<use intro_to_stats_files/figure-latex/unnamed-chunk-54-1.pdf>

Underfull \vbox (badness 8094) has occurred while \output is active []

[48]
Underfull \vbox (badness 10000) has occurred while \output is active []

[49] [50]
Chapter 7.
[51

]
File: intro_to_stats_files/figure-latex/unnamed-chunk-55-1.pdf Graphic file (ty
pe pdf)
<use intro_to_stats_files/figure-latex/unnamed-chunk-55-1.pdf>
[52] [53] [54] [55]
File: intro_to_stats_files/figure-latex/unnamed-chunk-64-1.pdf Graphic file (ty
pe pdf)
<use intro_to_stats_files/figure-latex/unnamed-chunk-64-1.pdf>

Underfull \vbox (badness 5578) has occurred while \output is active []

[56]
File: intro_to_stats_files/figure-latex/unnamed-chunk-65-1.pdf Graphic file (ty
pe pdf)
<use intro_to_stats_files/figure-latex/unnamed-chunk-65-1.pdf>

Underfull \vbox (badness 4096) has occurred while \output is active []

[57] [58]
Overfull \hbox (54.0pt too wide) in paragraph at lines 1985--1985
[]\TU/lmtt/m/n/10 ##                                      Estimate Std. Error t
 value Pr(>|t|)[] 
 []


Overfull \hbox (54.0pt too wide) in paragraph at lines 1986--1986
[]\TU/lmtt/m/n/10 ## Food: Tortilla Chips - Porridge == 0   0.3384     3.5419  
 0.096    0.994[] 
 []


Overfull \hbox (54.0pt too wide) in paragraph at lines 1987--1987
[]\TU/lmtt/m/n/10 ## Condiment: Jam - Hummous == 0         -0.9693     3.5419  
-0.274    0.954[] 
 []

File: intro_to_stats_files/figure-latex/unnamed-chunk-68-1.pdf Graphic file (ty
pe pdf)
<use intro_to_stats_files/figure-latex/unnamed-chunk-68-1.pdf>

Underfull \vbox (badness 10000) has occurred while \output is active []

[59] [60]
Overfull \hbox (48.75pt too wide) in paragraph at lines 2031--2031
[]\TU/lmtt/m/n/10 ## lm(formula = Enjoyment ~ Food + Condiment + Food:Condiment
, data = food)[] 
 []


Overfull \hbox (27.75pt too wide) in paragraph at lines 2038--2038
[]\TU/lmtt/m/n/10 ##                                 Estimate Std. Error t valu
e Pr(>|t|)[] 
 []


Overfull \hbox (48.75pt too wide) in paragraph at lines 2039--2039
[]\TU/lmtt/m/n/10 ## (Intercept)                      60.4259     0.9553   63.2
5   <2e-16 ***[] 
 []


Overfull \hbox (48.75pt too wide) in paragraph at lines 2040--2040
[]\TU/lmtt/m/n/10 ## FoodTortilla Chips               30.2822     1.3510   22.4
1   <2e-16 ***[] 
 []


Overfull \hbox (48.75pt too wide) in paragraph at lines 2041--2041
[]\TU/lmtt/m/n/10 ## CondimentJam                     28.9745     1.3510   21.4
5   <2e-16 ***[] 
 []


Overfull \hbox (48.75pt too wide) in paragraph at lines 2042--2042
[]\TU/lmtt/m/n/10 ## FoodTortilla Chips:CondimentJam -59.8876     1.9106  -31.3
4   <2e-16 ***[] 
 []

File: intro_to_stats_files/figure-latex/unnamed-chunk-72-1.pdf Graphic file (ty
pe pdf)
<use intro_to_stats_files/figure-latex/unnamed-chunk-72-1.pdf>

Underfull \vbox (badness 10000) has occurred while \output is active []

[61]
File: intro_to_stats_files/figure-latex/unnamed-chunk-73-1.pdf Graphic file (ty
pe pdf)
<use intro_to_stats_files/figure-latex/unnamed-chunk-73-1.pdf>

Underfull \vbox (badness 10000) has occurred while \output is active []

[62]
Overfull \hbox (80.25pt too wide) in paragraph at lines 2103--2103
[]\TU/lmtt/m/n/10 ## Warning in mcp2matrix(model, linfct = linfct): covariate i
nteractions found --[] 
 []


Overfull \hbox (80.25pt too wide) in paragraph at lines 2106--2106
[]\TU/lmtt/m/n/10 ## Warning in mcp2matrix(model, linfct = linfct): covariate i
nteractions found --[] 
 []


Overfull \hbox (75.0pt too wide) in paragraph at lines 2117--2117
[]\TU/lmtt/m/n/10 ## Fit: lm(formula = Enjoyment ~ Food + Condiment + Food:Cond
iment, data = food)[] 
 []

[63]
Overfull \hbox (54.0pt too wide) in paragraph at lines 2120--2120
[]\TU/lmtt/m/n/10 ##                                      Estimate Std. Error t
 value Pr(>|t|)[] 
 []


Overfull \hbox (75.0pt too wide) in paragraph at lines 2121--2121
[]\TU/lmtt/m/n/10 ## Food: Tortilla Chips - Porridge == 0   30.282      1.351  
 22.41   <1e-10 ***[] 
 []


Overfull \hbox (75.0pt too wide) in paragraph at lines 2122--2122
[]\TU/lmtt/m/n/10 ## Condiment: Jam - Hummous == 0          28.974      1.351  
 21.45   <1e-10 ***[] 
 []


Underfull \vbox (badness 4353) has occurred while \output is active []

[64]
Overfull \hbox (69.75pt too wide) in paragraph at lines 2192--2192
[]\TU/lmtt/m/n/10 ##                                                  Estimate 
Std. Error t value[] 
 []


Overfull \hbox (69.75pt too wide) in paragraph at lines 2193--2193
[]\TU/lmtt/m/n/10 ## Tortilla Chips.Hummous - Porridge.Hummous == 0     30.282 
     1.351  22.414[] 
 []


Overfull \hbox (69.75pt too wide) in paragraph at lines 2194--2194
[]\TU/lmtt/m/n/10 ## Porridge.Jam - Porridge.Hummous == 0               28.974 
     1.351  21.446[] 
 []


Overfull \hbox (69.75pt too wide) in paragraph at lines 2195--2195
[]\TU/lmtt/m/n/10 ## Tortilla Chips.Jam - Porridge.Hummous == 0         -0.631 
     1.351  -0.467[] 
 []


Overfull \hbox (69.75pt too wide) in paragraph at lines 2196--2196
[]\TU/lmtt/m/n/10 ## Porridge.Jam - Tortilla Chips.Hummous == 0         -1.308 
     1.351  -0.968[] 
 []


Overfull \hbox (69.75pt too wide) in paragraph at lines 2197--2197
[]\TU/lmtt/m/n/10 ## Tortilla Chips.Jam - Tortilla Chips.Hummous == 0  -30.913 
     1.351 -22.881[] 
 []


Overfull \hbox (69.75pt too wide) in paragraph at lines 2198--2198
[]\TU/lmtt/m/n/10 ## Tortilla Chips.Jam - Porridge.Jam == 0            -29.605 
     1.351 -21.913[] 
 []

[65] [66]
Overfull \hbox (48.75pt too wide) in paragraph at lines 2298--2298
[]\TU/lmtt/m/n/10 ## [1] Tortilla Chips:Hummous Tortilla Chips:Hummous Tortilla
 Chips:Hummous[] 
 []


Overfull \hbox (48.75pt too wide) in paragraph at lines 2299--2299
[]\TU/lmtt/m/n/10 ## [4] Tortilla Chips:Hummous Tortilla Chips:Hummous Tortilla
 Chips:Hummous[] 
 []


Overfull \hbox (48.75pt too wide) in paragraph at lines 2300--2300
[]\TU/lmtt/m/n/10 ## 4 Levels: Porridge:Hummous Tortilla Chips:Hummous ... Tort
illa Chips:Jam[] 
 []

[67]
Overfull \hbox (27.75pt too wide) in paragraph at lines 2312--2312
[]\TU/lmtt/m/n/10 ## [1] "Porridge:Hummous"       "Tortilla Chips:Hummous" "Por
ridge:Jam"[] 
 []


Overfull \hbox (219.74011pt too wide) in paragraph at lines 2318--2327
[][] 
 []


Overfull \hbox (1.5pt too wide) in paragraph at lines 2353--2353
[]\TU/lmtt/m/n/10 ##            Porridge:Hummous Tortilla Chips:Hummous Porridg
e:Jam[] 
 []


Overfull \hbox (1.5pt too wide) in paragraph at lines 2354--2354
[]\TU/lmtt/m/n/10 ## P:J - TC:J                0                      0        
    1[] 
 []


Overfull \hbox (1.5pt too wide) in paragraph at lines 2355--2355
[]\TU/lmtt/m/n/10 ## P:H - TC:H                1                     -1        
    0[] 
 []

[68]
Overfull \hbox (75.0pt too wide) in paragraph at lines 2373--2373
[]\TU/lmtt/m/n/10 ## Fit: lm(formula = Enjoyment ~ Food + Condiment + Food:Cond
iment, data = food)[] 
 []

[69] [70

]
Chapter 8.
[71] [72]
File: intro_to_stats_files/figure-latex/unnamed-chunk-88-1.pdf Graphic file (ty
pe pdf)
<use intro_to_stats_files/figure-latex/unnamed-chunk-88-1.pdf>

Underfull \hbox (badness 10000) in paragraph at lines 2523--2524
[]\TU/Alegreya(0)/m/n/10 By using numbers for our score, then we have been able
 to use
 []


Underfull \hbox (badness 3219) in paragraph at lines 2523--2524
\TU/lmtt/m/n/10 geom_jitter() \TU/Alegreya(0)/m/n/10 as a representation and it
 has generated additions to
 []


Underfull \vbox (badness 10000) has occurred while \output is active []

[73]
File: intro_to_stats_files/figure-latex/unnamed-chunk-90-1.pdf Graphic file (ty
pe pdf)
<use intro_to_stats_files/figure-latex/unnamed-chunk-90-1.pdf>

Underfull \vbox (badness 2828) has occurred while \output is active []

[74] [75] [76] [77]
LaTeX Font Info:    Font shape `TU/Alegreya(0)/bx/it' will be
(Font)              scaled to size 12.0pt on input line 2695.
[78]
File: intro_to_stats_files/figure-latex/unnamed-chunk-98-1.pdf Graphic file (ty
pe pdf)
<use intro_to_stats_files/figure-latex/unnamed-chunk-98-1.pdf>

Underfull \vbox (badness 10000) has occurred while \output is active []

[79]
File: intro_to_stats_files/figure-latex/unnamed-chunk-99-1.pdf Graphic file (ty
pe pdf)
<use intro_to_stats_files/figure-latex/unnamed-chunk-99-1.pdf>

Underfull \vbox (badness 10000) has occurred while \output is active []

[80]
File: intro_to_stats_files/figure-latex/unnamed-chunk-100-1.pdf Graphic file (t
ype pdf)
<use intro_to_stats_files/figure-latex/unnamed-chunk-100-1.pdf>

Underfull \vbox (badness 10000) has occurred while \output is active []

[81]
File: intro_to_stats_files/figure-latex/unnamed-chunk-101-1.pdf Graphic file (t
ype pdf)
<use intro_to_stats_files/figure-latex/unnamed-chunk-101-1.pdf>

Underfull \vbox (badness 10000) has occurred while \output is active []

[82]
Underfull \vbox (badness 6001) has occurred while \output is active []

[83] [84]
File: intro_to_stats_files/figure-latex/unnamed-chunk-105-1.pdf Graphic file (t
ype pdf)
<use intro_to_stats_files/figure-latex/unnamed-chunk-105-1.pdf>
[85] [86]
Overfull \hbox (80.25pt too wide) in paragraph at lines 2978--2978
[]\TU/lmtt/m/n/10 ## Warning in wilcox.test.default(x = c(1, 2, 1), y = c(3, 3,
 3)): cannot compute[] 
 []

[87] [88

]
Chapter 9.
[89] [90] [91] [92] [93] [94]
Overfull \hbox (54.0pt too wide) in paragraph at lines 3397--3397
[]\TU/lmtt/m/n/10 ##            Comparison p.Fisher p.adj.Fisher  p.Gtest p.adj
.Gtest  p.Chisq[] 
 []


Overfull \hbox (54.0pt too wide) in paragraph at lines 3398--3398
[]\TU/lmtt/m/n/10 ## 1     curious : tense 8.97e-16     1.35e-15 2.22e-16    3.
33e-16 1.07e-14[] 
 []


Overfull \hbox (54.0pt too wide) in paragraph at lines 3399--3399
[]\TU/lmtt/m/n/10 ## 2 curious : whimsical 8.98e-29     2.69e-28 0.00e+00    0.
00e+00 5.47e-21[] 
 []


Overfull \hbox (54.0pt too wide) in paragraph at lines 3400--3400
[]\TU/lmtt/m/n/10 ## 3   tense : whimsical 5.98e-01     5.98e-01 6.07e-01    6.
07e-01 6.11e-01[] 
 []

[95]
Overfull \hbox (54.0pt too wide) in paragraph at lines 3449--3449
[]\TU/lmtt/m/n/10 ##             Comparison p.Fisher p.adj.Fisher p.Gtest p.adj
.Gtest  p.Chisq[] 
 []


Overfull \hbox (54.0pt too wide) in paragraph at lines 3450--3450
[]\TU/lmtt/m/n/10 ## 1   carpenter : cooper 5.26e-20     7.89e-20  0.0000      
0.0000 3.38e-15[] 
 []


Overfull \hbox (54.0pt too wide) in paragraph at lines 3451--3451
[]\TU/lmtt/m/n/10 ## 2 carpenter : milliner 7.81e-02     7.81e-02  0.0773      
0.0773 7.81e-02[] 
 []


Overfull \hbox (54.0pt too wide) in paragraph at lines 3452--3452
[]\TU/lmtt/m/n/10 ## 3    cooper : milliner 1.66e-28     4.98e-28  0.0000      
0.0000 1.89e-21[] 
 []

File: intro_to_stats_files/figure-latex/unnamed-chunk-127-1.pdf Graphic file (t
ype pdf)
<use intro_to_stats_files/figure-latex/unnamed-chunk-127-1.pdf>

Underfull \vbox (badness 1033) has occurred while \output is active []

[96]
File: intro_to_stats_files/figure-latex/unnamed-chunk-128-1.pdf Graphic file (t
ype pdf)
<use intro_to_stats_files/figure-latex/unnamed-chunk-128-1.pdf>

Underfull \vbox (badness 10000) has occurred while \output is active []

[97]
File: intro_to_stats_files/figure-latex/unnamed-chunk-129-1.pdf Graphic file (t
ype pdf)
<use intro_to_stats_files/figure-latex/unnamed-chunk-129-1.pdf>

Underfull \vbox (badness 10000) has occurred while \output is active []

[98] [99] [100

]
Chapter 10.
[101]
File: intro_to_stats_files/figure-latex/unnamed-chunk-130-1.pdf Graphic file (t
ype pdf)
<use intro_to_stats_files/figure-latex/unnamed-chunk-130-1.pdf>
[102]
File: intro_to_stats_files/figure-latex/unnamed-chunk-132-1.pdf Graphic file (t
ype pdf)
<use intro_to_stats_files/figure-latex/unnamed-chunk-132-1.pdf>
File: intro_to_stats_files/figure-latex/unnamed-chunk-132-2.pdf Graphic file (t
ype pdf)
<use intro_to_stats_files/figure-latex/unnamed-chunk-132-2.pdf>

Overfull \hbox (1.3424pt too wide) in paragraph at lines 3624--3625
[][] [] 
 []


Overfull \vbox (0.13544pt too high) detected at line 3636
 []

[103]
File: intro_to_stats_files/figure-latex/unnamed-chunk-133-1.pdf Graphic file (t
ype pdf)
<use intro_to_stats_files/figure-latex/unnamed-chunk-133-1.pdf>
File: intro_to_stats_files/figure-latex/unnamed-chunk-133-2.pdf Graphic file (t
ype pdf)
<use intro_to_stats_files/figure-latex/unnamed-chunk-133-2.pdf>

Overfull \hbox (1.34155pt too wide) in paragraph at lines 3638--3639
[][] [] 
 []

File: intro_to_stats_files/figure-latex/unnamed-chunk-134-1.pdf Graphic file (t
ype pdf)
<use intro_to_stats_files/figure-latex/unnamed-chunk-134-1.pdf>
File: intro_to_stats_files/figure-latex/unnamed-chunk-134-2.pdf Graphic file (t
ype pdf)
<use intro_to_stats_files/figure-latex/unnamed-chunk-134-2.pdf>

Overfull \hbox (1.34398pt too wide) in paragraph at lines 3658--3659
[][] [] 
 []

[104]
File: intro_to_stats_files/figure-latex/unnamed-chunk-135-1.pdf Graphic file (t
ype pdf)
<use intro_to_stats_files/figure-latex/unnamed-chunk-135-1.pdf>
File: intro_to_stats_files/figure-latex/unnamed-chunk-135-2.pdf Graphic file (t
ype pdf)
<use intro_to_stats_files/figure-latex/unnamed-chunk-135-2.pdf>
File: intro_to_stats_files/figure-latex/unnamed-chunk-135-3.pdf Graphic file (t
ype pdf)
<use intro_to_stats_files/figure-latex/unnamed-chunk-135-3.pdf>
File: intro_to_stats_files/figure-latex/unnamed-chunk-136-1.pdf Graphic file (t
ype pdf)
<use intro_to_stats_files/figure-latex/unnamed-chunk-136-1.pdf>
File: intro_to_stats_files/figure-latex/unnamed-chunk-136-2.pdf Graphic file (t
ype pdf)
<use intro_to_stats_files/figure-latex/unnamed-chunk-136-2.pdf>
File: intro_to_stats_files/figure-latex/unnamed-chunk-136-3.pdf Graphic file (t
ype pdf)
<use intro_to_stats_files/figure-latex/unnamed-chunk-136-3.pdf>
[105]
File: intro_to_stats_files/figure-latex/unnamed-chunk-137-1.pdf Graphic file (t
ype pdf)
<use intro_to_stats_files/figure-latex/unnamed-chunk-137-1.pdf>

Overfull \hbox (59.25pt too wide) in paragraph at lines 3720--3720
[]\TU/lmtt/m/n/10 ##  [1]  5.824327  5.895516  7.105123  7.179086  7.375033  7.
855269  7.912222[] 
 []


Overfull \hbox (59.25pt too wide) in paragraph at lines 3721--3721
[]\TU/lmtt/m/n/10 ##  [8]  8.319600  8.729459  8.852362  9.532381 10.989182 11.
510336 12.167571[] 
 []


Overfull \hbox (6.75pt too wide) in paragraph at lines 3722--3722
[]\TU/lmtt/m/n/10 ## [15] 12.329553 12.551050 12.883979 13.216811 13.431172 13.
521335[] 
 []

[106] [107]
File: intro_to_stats_files/figure-latex/unnamed-chunk-145-1.pdf Graphic file (t
ype pdf)
<use intro_to_stats_files/figure-latex/unnamed-chunk-145-1.pdf>
[108]
Underfull \hbox (badness 1297) in paragraph at lines 3895--3896
\TU/Alegreya(0)/m/n/10 is especially useful for hypothesis generation or findin
g out possible parameter
 []

[109]
Overfull \hbox (38.25pt too wide) in paragraph at lines 3907--3907
[]\TU/lmtt/m/n/10 ##  $ city     : chr [1:8602] "Abilene" "Abilene" "Abilene" "
Abilene" ...[] 
 []


Overfull \hbox (90.75pt too wide) in paragraph at lines 3908--3908
[]\TU/lmtt/m/n/10 ##  $ year     : int [1:8602] 2000 2000 2000 2000 2000 2000 2
000 2000 2000 2000 ...[] 
 []


Overfull \hbox (22.5pt too wide) in paragraph at lines 3910--3910
[]\TU/lmtt/m/n/10 ##  $ sales    : num [1:8602] 72 98 130 98 141 156 152 131 10
4 101 ...[] 
 []


Overfull \hbox (43.5pt too wide) in paragraph at lines 3911--3911
[]\TU/lmtt/m/n/10 ##  $ volume   : num [1:8602] 5380000 6505000 9285000 9730000
 10590000 ...[] 
 []


Overfull \hbox (143.25pt too wide) in paragraph at lines 3912--3912
[]\TU/lmtt/m/n/10 ##  $ median   : num [1:8602] 71400 58700 58100 68600 67300 6
6900 73500 75000 64500 59300 ...[] 
 []


Overfull \hbox (38.25pt too wide) in paragraph at lines 3913--3913
[]\TU/lmtt/m/n/10 ##  $ listings : num [1:8602] 701 746 784 785 794 780 742 765
 771 764 ...[] 
 []


Overfull \hbox (38.25pt too wide) in paragraph at lines 3914--3914
[]\TU/lmtt/m/n/10 ##  $ inventory: num [1:8602] 6.3 6.6 6.8 6.9 6.8 6.6 6.2 6.4
 6.5 6.6 ...[] 
 []

[110]
No file intro_to_stats.bbl.
[111]
Package atveryend Info: Empty hook `BeforeClearDocument' on input line 3956.
Package atveryend Info: Empty hook `AfterLastShipout' on input line 3956.
(./intro_to_stats.aux)
Package atveryend Info: Empty hook `AtVeryEndDocument' on input line 3956.
Package atveryend Info: Empty hook `AtEndAfterFileList' on input line 3956.

LaTeX Warning: There were multiply-defined labels.

 ) 
Here is how much of TeX's memory you used:
 37578 strings out of 492916
 727453 string characters out of 6133345
 911545 words of memory out of 5000000
 41072 multiletter control sequences out of 15000+600000
 545632 words of font info for 112 fonts, out of 8000000 for 9000
 1348 hyphenation exceptions out of 8191
 65i,9n,118p,1031b,517s stack positions out of 5000i,500n,10000p,200000b,80000s

Output written on intro_to_stats.pdf (111 pages).
